[38;5;112m[Appium][0m Welcome to Appium v2.17.1 (REV ffec9fec724da725013d5b50e763908113983fc3)
[38;5;112m[Appium][0m Non-default server args:
[38;5;112m[Appium][0m { basePath: [32m'/wd/hub'[39m, loglevel: [32m'info'[39m, port: [33m49834[39m }
[38;5;112m[Appium][0m Attempting to load driver uiautomator2...
[38;5;112m[Appium][0m Appium REST http interface listener started on http://0.0.0.0:49834/wd/hub
[38;5;112m[Appium][0m You can provide the following URLs in your client code to connect to this server:
	http://127.0.0.1:49834/wd/hub (only accessible from the same host)
	http://192.168.0.221:49834/wd/hub
[38;5;112m[Appium][0m Available drivers:
[38;5;112m[Appium][0m   - uiautomator2@2.45.1 (automationName 'UiAutomator2')
[38;5;112m[Appium][0m No plugins have been installed. Use the "appium plugin" command to install the one(s) you want to use.
[38;5;86m[HTTP][0m [37m-->[39m [37mGET[39m [37m/wd/hub/status[39m {}
[38;5;86m[HTTP][0m <-- GET /wd/hub/status 200 2 ms - 200 
[38;5;86m[HTTP][0m [37m-->[39m [37mPOST[39m [37m/wd/hub/session[39m {"capabilities":{"firstMatch":[{"appium:app":"/Users/danielafeoli/Downloads/TestingAvanzadoApp11.apk","appium:autoGrantPermissions":true,"appium:automationName":"uiautomator2","appium:deviceName":"emulator-5554 (Android SDK built for arm64 - Android 9)","appium:fullReset":true,"appium:newCommandTimeout":1800,"appium:noReset":false,"appium:platformName":"ANDROID","appium:platformVersion":"9","appium:systemPort":49833,"appium:udid":"emulator-5554","platformName":"ANDROID"}]},"desiredCapabilities":{"appium:app":"/Users/danielafeoli/Downloads/TestingAvanzadoApp11.apk","appium:autoGrantPermissions":true,"appium:automationName":"uiautomator2","appium:deviceName":"emulator-5554 (Android SDK built for arm64 - Android 9)","appium:fullReset":true,"appium:newCommandTimeout":1800,"appium:noReset":false,"appium:platformName":"ANDROID","appium:platformVersion":"9","appium:systemPort":49833,"appium:udid":"emulator-5554"}}
[38;5;123m[BaseDriver][0m Ignoring capability 'appium:platformName=ANDROID' and using capability 'platformName=ANDROID'
[38;5;123m[BaseDriver][0m The capabilities ["platformName"] are standard capabilities and do not require "appium:" prefix
[38;5;112m[Appium][0m Attempting to find matching driver for automationName 'uiautomator2' and platformName 'ANDROID'
[38;5;112m[Appium][0m The 'uiautomator2' driver was installed and matched caps.
[38;5;112m[Appium][0m Will require it at /Users/danielafeoli/.appium/node_modules/appium-uiautomator2-driver
[38;5;223m[AppiumDriver@9c2a][0m Appium v2.17.1 creating new AndroidUiautomator2Driver (v2.45.1) session
[38;5;223m[AppiumDriver@9c2a][0m Checking BaseDriver versions for Appium and AndroidUiautomator2Driver
[38;5;223m[AppiumDriver@9c2a][0m Appium's BaseDriver version is 9.16.4
[38;5;223m[AppiumDriver@9c2a][0m AndroidUiautomator2Driver's BaseDriver version is 9.16.4
[38;5;104m[8b4756ce][0m[38;5;-30m[AndroidUiautomator2Driver@3a4a][0m Session created with session id: 8b4756ce-4da4-4f0d-9eff-4c0a880ba974
[38;5;104m[8b4756ce][0m[38;5;229m[ADB][0m Found 1 'build-tools' folders under '/Users/danielafeoli/.katalon/tools/android_sdk' (newest first):
[38;5;104m[8b4756ce][0m[38;5;229m[ADB][0m     /Users/danielafeoli/.katalon/tools/android_sdk/build-tools/29.0.3
[38;5;104m[8b4756ce][0m[38;5;229m[ADB][0m Using 'adb' from '/Users/danielafeoli/.katalon/tools/android_sdk/platform-tools/adb'
[38;5;104m[8b4756ce][0m[38;5;-30m[AndroidUiautomator2Driver@3a4a][0m Retrieving device list
[38;5;104m[8b4756ce][0m[38;5;-30m[AndroidUiautomator2Driver@3a4a][0m Using device: emulator-5554
[38;5;104m[8b4756ce][0m[38;5;229m[ADB][0m Using 'adb' from '/Users/danielafeoli/.katalon/tools/android_sdk/platform-tools/adb'
[38;5;104m[8b4756ce][0m[38;5;123m[BaseDriver][0m Using local app '/Users/danielafeoli/Downloads/TestingAvanzadoApp11.apk'
[38;5;104m[8b4756ce][0m[38;5;229m[ADB][0m Getting device platform version
[38;5;104m[8b4756ce][0m[38;5;-30m[AndroidUiautomator2Driver@3a4a][0m Relaxing hidden api policy
[38;5;104m[8b4756ce][0m[38;5;229m[ADB][0m Package name: 'appinventor.ai_nicholais123.TestingAvanzadoApp'
[38;5;104m[8b4756ce][0m[38;5;229m[ADB][0m Main activity name: '.Screen1'
[38;5;104m[8b4756ce][0m[38;5;229m[ADB][0m Using 'apksigner.jar' from '/Users/danielafeoli/.katalon/tools/android_sdk/build-tools/29.0.3/lib/apksigner.jar'
[38;5;104m[8b4756ce][0m[38;5;229m[ADB][0m '/Users/danielafeoli/.appium/node_modules/appium-uiautomator2-driver/node_modules/appium-uiautomator2-server/apks/appium-uiautomator2-server-debug-androidTest.apk' is signed with the default certificate
[38;5;104m[8b4756ce][0m[38;5;229m[ADB][0m '/Users/danielafeoli/Downloads/TestingAvanzadoApp11.apk' is signed with a non-default certificate
[38;5;104m[8b4756ce][0m[38;5;229m[ADB][0m appinventor.ai_nicholais123.TestingAvanzadoApp was not uninstalled, because it was not present on the device
[38;5;104m[8b4756ce][0m[38;5;229m[ADB][0m The application at '/Users/danielafeoli/Downloads/TestingAvanzadoApp11.apk' will not be cached, because the device under test has confirmed the support of streamed installs
[38;5;104m[8b4756ce][0m[38;5;229m[ADB][0m '/Users/danielafeoli/.appium/node_modules/appium-uiautomator2-driver/node_modules/appium-uiautomator2-server/apks/appium-uiautomator2-server-v6.0.9.apk' is signed with the default certificate
[38;5;104m[8b4756ce][0m[38;5;-30m[AndroidUiautomator2Driver@3a4a][0m Server packages are not going to be (re)installed
[38;5;104m[8b4756ce][0m[38;5;229m[ADB][0m Adding packages ["io.appium.settings","io.appium.uiautomator2.server","io.appium.uiautomator2.server.test"] to Doze whitelist
[38;5;104m[8b4756ce][0m[38;5;229m[ADB][0m The installation of 'TestingAvanzadoApp11.apk' took 587ms
[38;5;104m[8b4756ce][0m[38;5;-30m[AndroidUiautomator2Driver@3a4a][0m Starting UIAutomator2 server 6.0.9
[38;5;104m[8b4756ce][0m[38;5;-30m[AndroidUiautomator2Driver@3a4a][0m Using UIAutomator2 server from '/Users/danielafeoli/.appium/node_modules/appium-uiautomator2-driver/node_modules/appium-uiautomator2-server/apks/appium-uiautomator2-server-v6.0.9.apk' and test from '/Users/danielafeoli/.appium/node_modules/appium-uiautomator2-driver/node_modules/appium-uiautomator2-server/apks/appium-uiautomator2-server-debug-androidTest.apk'
[38;5;104m[8b4756ce][0m[38;5;-30m[AndroidUiautomator2Driver@3a4a][0m Waiting up to 30000ms for UiAutomator2 to be online...
[38;5;104m[8b4756ce][0m[38;5;-30m[AndroidUiautomator2Driver@3a4a][0m socket hang up
[38;5;104m[8b4756ce][0m[38;5;-30m[AndroidUiautomator2Driver@3a4a][0m socket hang up
[38;5;104m[8b4756ce][0m[38;5;-30m[AndroidUiautomator2Driver@3a4a][0m Determined the downstream protocol as 'W3C'
[38;5;104m[8b4756ce][0m[38;5;-30m[AndroidUiautomator2Driver@3a4a][0m Screen already unlocked, doing nothing
[38;5;104m[8b4756ce][0m[38;5;-30m[AndroidUiautomator2Driver@3a4a][0m Starting 'appinventor.ai_nicholais123.TestingAvanzadoApp/.Screen1 and waiting for 'appinventor.ai_nicholais123.TestingAvanzadoApp/.Screen1'
[38;5;104m[8b4756ce][0m[38;5;223m[AppiumDriver@9c2a][0m New AndroidUiautomator2Driver session created successfully, session 8b4756ce-4da4-4f0d-9eff-4c0a880ba974 added to master session list
[38;5;104m[8b4756ce][0m[38;5;86m[HTTP][0m <-- POST /wd/hub/session 200 4985 ms - 1269 
[38;5;86m[HTTP][0m [37m-->[39m [37mGET[39m [37m/wd/hub/status[39m {}
[38;5;86m[HTTP][0m <-- GET /wd/hub/status 200 1 ms - 200 
[38;5;104m[8b4756ce][0m[38;5;86m[HTTP][0m [37m-->[39m [37mPOST[39m [37m/wd/hub/session/8b4756ce-4da4-4f0d-9eff-4c0a880ba974/timeouts[39m {"implicit":30000}
[38;5;104m[8b4756ce][0m[38;5;86m[HTTP][0m <-- POST /wd/hub/session/8b4756ce-4da4-4f0d-9eff-4c0a880ba974/timeouts 200 1 ms - 14 
[38;5;104m[8b4756ce][0m[38;5;86m[HTTP][0m [37m-->[39m [37mPOST[39m [37m/wd/hub/session/8b4756ce-4da4-4f0d-9eff-4c0a880ba974/execute/sync[39m {"args":[],"script":"mobile: getSystemBars"}
[38;5;104m[8b4756ce][0m[38;5;-30m[AndroidUiautomator2Driver@3a4a][0m Executing method 'mobile: getSystemBars'
[38;5;104m[8b4756ce][0m[38;5;86m[HTTP][0m <-- POST /wd/hub/session/8b4756ce-4da4-4f0d-9eff-4c0a880ba974/execute/sync 200 101 ms - 151 
[38;5;104m[8b4756ce][0m[38;5;86m[HTTP][0m [37m-->[39m [37mPOST[39m [37m/wd/hub/session/8b4756ce-4da4-4f0d-9eff-4c0a880ba974/timeouts[39m {"implicit":50}
[38;5;104m[8b4756ce][0m[38;5;86m[HTTP][0m <-- POST /wd/hub/session/8b4756ce-4da4-4f0d-9eff-4c0a880ba974/timeouts 200 3 ms - 14 
[38;5;104m[8b4756ce][0m[38;5;86m[HTTP][0m [37m-->[39m [37mGET[39m [37m/wd/hub/session/8b4756ce-4da4-4f0d-9eff-4c0a880ba974/window/rect[39m {}
[38;5;104m[8b4756ce][0m[38;5;86m[HTTP][0m <-- GET /wd/hub/session/8b4756ce-4da4-4f0d-9eff-4c0a880ba974/window/rect 200 18 ms - 50 
[38;5;104m[8b4756ce][0m[38;5;86m[HTTP][0m [37m-->[39m [37mPOST[39m [37m/wd/hub/session/8b4756ce-4da4-4f0d-9eff-4c0a880ba974/elements[39m {"value":"//*[@class = 'android.widget.Button' and (@text = 'Triangulo' or . = 'Triangulo')]","using":"xpath"}
[38;5;104m[8b4756ce][0m[38;5;86m[HTTP][0m <-- POST /wd/hub/session/8b4756ce-4da4-4f0d-9eff-4c0a880ba974/elements 200 516 ms - 139 
[38;5;104m[8b4756ce][0m[38;5;86m[HTTP][0m [37m-->[39m [37mGET[39m [37m/wd/hub/session/8b4756ce-4da4-4f0d-9eff-4c0a880ba974/element/00000000-0000-0144-ffff-ffff00000013/rect[39m {}
[38;5;104m[8b4756ce][0m[38;5;-30m[AndroidUiautomator2Driver@3a4a][0m Driver proxy active, passing request on via HTTP proxy
[38;5;104m[8b4756ce][0m[38;5;-30m[AndroidUiautomator2Driver@3a4a][0m Replacing sessionId 35037d64-af70-41c3-a3ac-40977727a46a with 8b4756ce-4da4-4f0d-9eff-4c0a880ba974
[38;5;104m[8b4756ce][0m[38;5;86m[HTTP][0m <-- GET /wd/hub/session/8b4756ce-4da4-4f0d-9eff-4c0a880ba974/element/00000000-0000-0144-ffff-ffff00000013/rect 200 10 ms - 103 
[38;5;104m[8b4756ce][0m[38;5;86m[HTTP][0m [37m-->[39m [37mPOST[39m [37m/wd/hub/session/8b4756ce-4da4-4f0d-9eff-4c0a880ba974/timeouts[39m {"implicit":30000}
[38;5;104m[8b4756ce][0m[38;5;86m[HTTP][0m <-- POST /wd/hub/session/8b4756ce-4da4-4f0d-9eff-4c0a880ba974/timeouts 200 1 ms - 14 
[38;5;104m[8b4756ce][0m[38;5;86m[HTTP][0m [37m-->[39m [37mPOST[39m [37m/wd/hub/session/8b4756ce-4da4-4f0d-9eff-4c0a880ba974/element/00000000-0000-0144-ffff-ffff00000013/click[39m {"id":"00000000-0000-0144-ffff-ffff00000013"}
[38;5;104m[8b4756ce][0m[38;5;86m[HTTP][0m <-- POST /wd/hub/session/8b4756ce-4da4-4f0d-9eff-4c0a880ba974/element/00000000-0000-0144-ffff-ffff00000013/click 200 33 ms - 14 
[38;5;104m[8b4756ce][0m[38;5;86m[HTTP][0m [37m-->[39m [37mPOST[39m [37m/wd/hub/session/8b4756ce-4da4-4f0d-9eff-4c0a880ba974/timeouts[39m {"implicit":50}
[38;5;104m[8b4756ce][0m[38;5;86m[HTTP][0m <-- POST /wd/hub/session/8b4756ce-4da4-4f0d-9eff-4c0a880ba974/timeouts 200 1 ms - 14 
[38;5;104m[8b4756ce][0m[38;5;86m[HTTP][0m [37m-->[39m [37mGET[39m [37m/wd/hub/session/8b4756ce-4da4-4f0d-9eff-4c0a880ba974/window/rect[39m {}
[38;5;104m[8b4756ce][0m[38;5;86m[HTTP][0m <-- GET /wd/hub/session/8b4756ce-4da4-4f0d-9eff-4c0a880ba974/window/rect 200 40 ms - 50 
[38;5;104m[8b4756ce][0m[38;5;86m[HTTP][0m [37m-->[39m [37mPOST[39m [37m/wd/hub/session/8b4756ce-4da4-4f0d-9eff-4c0a880ba974/elements[39m {"value":"//hierarchy/android.widget.FrameLayout[1]/android.widget.LinearLayout[1]/android.widget.FrameLayout[2]/android.widget.LinearLayout[1]/android.view.ViewGroup[1]/android.widget.FrameLayout[1]/android.widget.LinearLayout[1]/android.widget.FrameLayout[2]/android.widget.LinearLayout[1]/android.widget.FrameLayout[2]/android.widget.LinearLayout[1]/android.widget.EditText[1]","using":"xpath"}
[38;5;104m[8b4756ce][0m[38;5;86m[HTTP][0m <-- POST /wd/hub/session/8b4756ce-4da4-4f0d-9eff-4c0a880ba974/elements 200 687 ms - 139 
[38;5;104m[8b4756ce][0m[38;5;86m[HTTP][0m [37m-->[39m [37mGET[39m [37m/wd/hub/session/8b4756ce-4da4-4f0d-9eff-4c0a880ba974/element/00000000-0000-0145-ffff-ffff0000002e/rect[39m {}
[38;5;104m[8b4756ce][0m[38;5;-30m[AndroidUiautomator2Driver@3a4a][0m Driver proxy active, passing request on via HTTP proxy
[38;5;104m[8b4756ce][0m[38;5;-30m[AndroidUiautomator2Driver@3a4a][0m Replacing sessionId 35037d64-af70-41c3-a3ac-40977727a46a with 8b4756ce-4da4-4f0d-9eff-4c0a880ba974
[38;5;104m[8b4756ce][0m[38;5;86m[HTTP][0m <-- GET /wd/hub/session/8b4756ce-4da4-4f0d-9eff-4c0a880ba974/element/00000000-0000-0145-ffff-ffff0000002e/rect 200 8 ms - 103 
[38;5;104m[8b4756ce][0m[38;5;86m[HTTP][0m [37m-->[39m [37mPOST[39m [37m/wd/hub/session/8b4756ce-4da4-4f0d-9eff-4c0a880ba974/timeouts[39m {"implicit":30000}
[38;5;104m[8b4756ce][0m[38;5;86m[HTTP][0m <-- POST /wd/hub/session/8b4756ce-4da4-4f0d-9eff-4c0a880ba974/timeouts 200 0 ms - 14 
[38;5;104m[8b4756ce][0m[38;5;86m[HTTP][0m [37m-->[39m [37mPOST[39m [37m/wd/hub/session/8b4756ce-4da4-4f0d-9eff-4c0a880ba974/element/00000000-0000-0145-ffff-ffff0000002e/clear[39m {"id":"00000000-0000-0145-ffff-ffff0000002e"}
[38;5;104m[8b4756ce][0m[38;5;86m[HTTP][0m <-- POST /wd/hub/session/8b4756ce-4da4-4f0d-9eff-4c0a880ba974/element/00000000-0000-0145-ffff-ffff0000002e/clear 200 10 ms - 14 
[38;5;104m[8b4756ce][0m[38;5;86m[HTTP][0m [37m-->[39m [37mPOST[39m [37m/wd/hub/session/8b4756ce-4da4-4f0d-9eff-4c0a880ba974/element/00000000-0000-0145-ffff-ffff0000002e/click[39m {"id":"00000000-0000-0145-ffff-ffff0000002e"}
[38;5;104m[8b4756ce][0m[38;5;86m[HTTP][0m <-- POST /wd/hub/session/8b4756ce-4da4-4f0d-9eff-4c0a880ba974/element/00000000-0000-0145-ffff-ffff0000002e/click 200 540 ms - 14 
[38;5;104m[8b4756ce][0m[38;5;86m[HTTP][0m [37m-->[39m [37mPOST[39m [37m/wd/hub/session/8b4756ce-4da4-4f0d-9eff-4c0a880ba974/element/00000000-0000-0145-ffff-ffff0000002e/value[39m {"value":["2"],"id":"00000000-0000-0145-ffff-ffff0000002e","text":"2"}
[38;5;104m[8b4756ce][0m[38;5;86m[HTTP][0m <-- POST /wd/hub/session/8b4756ce-4da4-4f0d-9eff-4c0a880ba974/element/00000000-0000-0145-ffff-ffff0000002e/value 200 675 ms - 14 
[38;5;104m[8b4756ce][0m[38;5;86m[HTTP][0m [37m-->[39m [37mPOST[39m [37m/wd/hub/session/8b4756ce-4da4-4f0d-9eff-4c0a880ba974/timeouts[39m {"implicit":50}
[38;5;104m[8b4756ce][0m[38;5;86m[HTTP][0m <-- POST /wd/hub/session/8b4756ce-4da4-4f0d-9eff-4c0a880ba974/timeouts 200 1 ms - 14 
[38;5;104m[8b4756ce][0m[38;5;86m[HTTP][0m [37m-->[39m [37mGET[39m [37m/wd/hub/session/8b4756ce-4da4-4f0d-9eff-4c0a880ba974/window/rect[39m {}
[38;5;104m[8b4756ce][0m[38;5;86m[HTTP][0m <-- GET /wd/hub/session/8b4756ce-4da4-4f0d-9eff-4c0a880ba974/window/rect 200 9 ms - 50 
[38;5;104m[8b4756ce][0m[38;5;86m[HTTP][0m [37m-->[39m [37mPOST[39m [37m/wd/hub/session/8b4756ce-4da4-4f0d-9eff-4c0a880ba974/elements[39m {"value":"//hierarchy/android.widget.FrameLayout[1]/android.widget.LinearLayout[1]/android.widget.FrameLayout[2]/android.widget.LinearLayout[1]/android.view.ViewGroup[1]/android.widget.FrameLayout[1]/android.widget.LinearLayout[1]/android.widget.FrameLayout[2]/android.widget.LinearLayout[1]/android.widget.FrameLayout[3]/android.widget.LinearLayout[1]/android.widget.EditText[1]","using":"xpath"}
[38;5;104m[8b4756ce][0m[38;5;86m[HTTP][0m <-- POST /wd/hub/session/8b4756ce-4da4-4f0d-9eff-4c0a880ba974/elements 200 543 ms - 139 
[38;5;104m[8b4756ce][0m[38;5;86m[HTTP][0m [37m-->[39m [37mGET[39m [37m/wd/hub/session/8b4756ce-4da4-4f0d-9eff-4c0a880ba974/element/00000000-0000-0145-ffff-ffff00000032/rect[39m {}
[38;5;104m[8b4756ce][0m[38;5;-30m[AndroidUiautomator2Driver@3a4a][0m Driver proxy active, passing request on via HTTP proxy
[38;5;104m[8b4756ce][0m[38;5;-30m[AndroidUiautomator2Driver@3a4a][0m Replacing sessionId 35037d64-af70-41c3-a3ac-40977727a46a with 8b4756ce-4da4-4f0d-9eff-4c0a880ba974
[38;5;104m[8b4756ce][0m[38;5;86m[HTTP][0m <-- GET /wd/hub/session/8b4756ce-4da4-4f0d-9eff-4c0a880ba974/element/00000000-0000-0145-ffff-ffff00000032/rect 200 11 ms - 103 
[38;5;104m[8b4756ce][0m[38;5;86m[HTTP][0m [37m-->[39m [37mPOST[39m [37m/wd/hub/session/8b4756ce-4da4-4f0d-9eff-4c0a880ba974/timeouts[39m {"implicit":30000}
[38;5;104m[8b4756ce][0m[38;5;86m[HTTP][0m <-- POST /wd/hub/session/8b4756ce-4da4-4f0d-9eff-4c0a880ba974/timeouts 200 1 ms - 14 
[38;5;104m[8b4756ce][0m[38;5;86m[HTTP][0m [37m-->[39m [37mPOST[39m [37m/wd/hub/session/8b4756ce-4da4-4f0d-9eff-4c0a880ba974/element/00000000-0000-0145-ffff-ffff00000032/clear[39m {"id":"00000000-0000-0145-ffff-ffff00000032"}
[38;5;104m[8b4756ce][0m[38;5;86m[HTTP][0m <-- POST /wd/hub/session/8b4756ce-4da4-4f0d-9eff-4c0a880ba974/element/00000000-0000-0145-ffff-ffff00000032/clear 200 10 ms - 14 
[38;5;104m[8b4756ce][0m[38;5;86m[HTTP][0m [37m-->[39m [37mPOST[39m [37m/wd/hub/session/8b4756ce-4da4-4f0d-9eff-4c0a880ba974/element/00000000-0000-0145-ffff-ffff00000032/click[39m {"id":"00000000-0000-0145-ffff-ffff00000032"}
[38;5;104m[8b4756ce][0m[38;5;86m[HTTP][0m <-- POST /wd/hub/session/8b4756ce-4da4-4f0d-9eff-4c0a880ba974/element/00000000-0000-0145-ffff-ffff00000032/click 200 529 ms - 14 
[38;5;104m[8b4756ce][0m[38;5;86m[HTTP][0m [37m-->[39m [37mPOST[39m [37m/wd/hub/session/8b4756ce-4da4-4f0d-9eff-4c0a880ba974/element/00000000-0000-0145-ffff-ffff00000032/value[39m {"value":["3"],"id":"00000000-0000-0145-ffff-ffff00000032","text":"3"}
[38;5;104m[8b4756ce][0m[38;5;86m[HTTP][0m <-- POST /wd/hub/session/8b4756ce-4da4-4f0d-9eff-4c0a880ba974/element/00000000-0000-0145-ffff-ffff00000032/value 200 523 ms - 14 
[38;5;104m[8b4756ce][0m[38;5;86m[HTTP][0m [37m-->[39m [37mPOST[39m [37m/wd/hub/session/8b4756ce-4da4-4f0d-9eff-4c0a880ba974/timeouts[39m {"implicit":50}
[38;5;104m[8b4756ce][0m[38;5;86m[HTTP][0m <-- POST /wd/hub/session/8b4756ce-4da4-4f0d-9eff-4c0a880ba974/timeouts 200 1 ms - 14 
[38;5;104m[8b4756ce][0m[38;5;86m[HTTP][0m [37m-->[39m [37mGET[39m [37m/wd/hub/session/8b4756ce-4da4-4f0d-9eff-4c0a880ba974/window/rect[39m {}
[38;5;104m[8b4756ce][0m[38;5;86m[HTTP][0m <-- GET /wd/hub/session/8b4756ce-4da4-4f0d-9eff-4c0a880ba974/window/rect 200 11 ms - 50 
[38;5;104m[8b4756ce][0m[38;5;86m[HTTP][0m [37m-->[39m [37mPOST[39m [37m/wd/hub/session/8b4756ce-4da4-4f0d-9eff-4c0a880ba974/elements[39m {"value":"//hierarchy/android.widget.FrameLayout[1]/android.widget.LinearLayout[1]/android.widget.FrameLayout[2]/android.widget.LinearLayout[1]/android.view.ViewGroup[1]/android.widget.FrameLayout[1]/android.widget.LinearLayout[1]/android.widget.FrameLayout[2]/android.widget.LinearLayout[1]/android.widget.FrameLayout[1]/android.widget.LinearLayout[1]/android.widget.EditText[1]","using":"xpath"}
[38;5;104m[8b4756ce][0m[38;5;86m[HTTP][0m <-- POST /wd/hub/session/8b4756ce-4da4-4f0d-9eff-4c0a880ba974/elements 200 529 ms - 139 
[38;5;104m[8b4756ce][0m[38;5;86m[HTTP][0m [37m-->[39m [37mGET[39m [37m/wd/hub/session/8b4756ce-4da4-4f0d-9eff-4c0a880ba974/element/00000000-0000-0145-ffff-ffff00000030/rect[39m {}
[38;5;104m[8b4756ce][0m[38;5;-30m[AndroidUiautomator2Driver@3a4a][0m Driver proxy active, passing request on via HTTP proxy
[38;5;104m[8b4756ce][0m[38;5;-30m[AndroidUiautomator2Driver@3a4a][0m Replacing sessionId 35037d64-af70-41c3-a3ac-40977727a46a with 8b4756ce-4da4-4f0d-9eff-4c0a880ba974
[38;5;104m[8b4756ce][0m[38;5;86m[HTTP][0m <-- GET /wd/hub/session/8b4756ce-4da4-4f0d-9eff-4c0a880ba974/element/00000000-0000-0145-ffff-ffff00000030/rect 200 10 ms - 102 
[38;5;104m[8b4756ce][0m[38;5;86m[HTTP][0m [37m-->[39m [37mPOST[39m [37m/wd/hub/session/8b4756ce-4da4-4f0d-9eff-4c0a880ba974/timeouts[39m {"implicit":30000}
[38;5;104m[8b4756ce][0m[38;5;86m[HTTP][0m <-- POST /wd/hub/session/8b4756ce-4da4-4f0d-9eff-4c0a880ba974/timeouts 200 1 ms - 14 
[38;5;104m[8b4756ce][0m[38;5;86m[HTTP][0m [37m-->[39m [37mPOST[39m [37m/wd/hub/session/8b4756ce-4da4-4f0d-9eff-4c0a880ba974/element/00000000-0000-0145-ffff-ffff00000030/clear[39m {"id":"00000000-0000-0145-ffff-ffff00000030"}
[38;5;104m[8b4756ce][0m[38;5;86m[HTTP][0m <-- POST /wd/hub/session/8b4756ce-4da4-4f0d-9eff-4c0a880ba974/element/00000000-0000-0145-ffff-ffff00000030/clear 200 9 ms - 14 
[38;5;104m[8b4756ce][0m[38;5;86m[HTTP][0m [37m-->[39m [37mPOST[39m [37m/wd/hub/session/8b4756ce-4da4-4f0d-9eff-4c0a880ba974/element/00000000-0000-0145-ffff-ffff00000030/click[39m {"id":"00000000-0000-0145-ffff-ffff00000030"}
[38;5;104m[8b4756ce][0m[38;5;86m[HTTP][0m <-- POST /wd/hub/session/8b4756ce-4da4-4f0d-9eff-4c0a880ba974/element/00000000-0000-0145-ffff-ffff00000030/click 200 540 ms - 14 
[38;5;104m[8b4756ce][0m[38;5;86m[HTTP][0m [37m-->[39m [37mPOST[39m [37m/wd/hub/session/8b4756ce-4da4-4f0d-9eff-4c0a880ba974/element/00000000-0000-0145-ffff-ffff00000030/value[39m {"value":["2"],"id":"00000000-0000-0145-ffff-ffff00000030","text":"2"}
[38;5;104m[8b4756ce][0m[38;5;86m[HTTP][0m <-- POST /wd/hub/session/8b4756ce-4da4-4f0d-9eff-4c0a880ba974/element/00000000-0000-0145-ffff-ffff00000030/value 200 517 ms - 14 
[38;5;104m[8b4756ce][0m[38;5;86m[HTTP][0m [37m-->[39m [37mPOST[39m [37m/wd/hub/session/8b4756ce-4da4-4f0d-9eff-4c0a880ba974/timeouts[39m {"implicit":50}
[38;5;104m[8b4756ce][0m[38;5;86m[HTTP][0m <-- POST /wd/hub/session/8b4756ce-4da4-4f0d-9eff-4c0a880ba974/timeouts 200 1 ms - 14 
[38;5;104m[8b4756ce][0m[38;5;86m[HTTP][0m [37m-->[39m [37mGET[39m [37m/wd/hub/session/8b4756ce-4da4-4f0d-9eff-4c0a880ba974/window/rect[39m {}
[38;5;104m[8b4756ce][0m[38;5;86m[HTTP][0m <-- GET /wd/hub/session/8b4756ce-4da4-4f0d-9eff-4c0a880ba974/window/rect 200 10 ms - 50 
[38;5;104m[8b4756ce][0m[38;5;86m[HTTP][0m [37m-->[39m [37mPOST[39m [37m/wd/hub/session/8b4756ce-4da4-4f0d-9eff-4c0a880ba974/elements[39m {"value":"//*[@class = 'android.widget.Button' and (@text = 'Calcular' or . = 'Calcular')]","using":"xpath"}
[38;5;104m[8b4756ce][0m[38;5;86m[HTTP][0m <-- POST /wd/hub/session/8b4756ce-4da4-4f0d-9eff-4c0a880ba974/elements 200 538 ms - 139 
[38;5;104m[8b4756ce][0m[38;5;86m[HTTP][0m [37m-->[39m [37mGET[39m [37m/wd/hub/session/8b4756ce-4da4-4f0d-9eff-4c0a880ba974/element/00000000-0000-0145-ffff-ffff00000033/rect[39m {}
[38;5;104m[8b4756ce][0m[38;5;-30m[AndroidUiautomator2Driver@3a4a][0m Driver proxy active, passing request on via HTTP proxy
[38;5;104m[8b4756ce][0m[38;5;-30m[AndroidUiautomator2Driver@3a4a][0m Replacing sessionId 35037d64-af70-41c3-a3ac-40977727a46a with 8b4756ce-4da4-4f0d-9eff-4c0a880ba974
[38;5;104m[8b4756ce][0m[38;5;86m[HTTP][0m <-- GET /wd/hub/session/8b4756ce-4da4-4f0d-9eff-4c0a880ba974/element/00000000-0000-0145-ffff-ffff00000033/rect 200 10 ms - 101 
[38;5;104m[8b4756ce][0m[38;5;86m[HTTP][0m [37m-->[39m [37mPOST[39m [37m/wd/hub/session/8b4756ce-4da4-4f0d-9eff-4c0a880ba974/timeouts[39m {"implicit":30000}
[38;5;104m[8b4756ce][0m[38;5;86m[HTTP][0m <-- POST /wd/hub/session/8b4756ce-4da4-4f0d-9eff-4c0a880ba974/timeouts 200 1 ms - 14 
[38;5;104m[8b4756ce][0m[38;5;86m[HTTP][0m [37m-->[39m [37mPOST[39m [37m/wd/hub/session/8b4756ce-4da4-4f0d-9eff-4c0a880ba974/element/00000000-0000-0145-ffff-ffff00000033/click[39m {"id":"00000000-0000-0145-ffff-ffff00000033"}
[38;5;104m[8b4756ce][0m[38;5;86m[HTTP][0m <-- POST /wd/hub/session/8b4756ce-4da4-4f0d-9eff-4c0a880ba974/element/00000000-0000-0145-ffff-ffff00000033/click 200 60 ms - 14 
[38;5;104m[8b4756ce][0m[38;5;86m[HTTP][0m [37m-->[39m [37mPOST[39m [37m/wd/hub/session/8b4756ce-4da4-4f0d-9eff-4c0a880ba974/timeouts[39m {"implicit":50}
[38;5;104m[8b4756ce][0m[38;5;86m[HTTP][0m <-- POST /wd/hub/session/8b4756ce-4da4-4f0d-9eff-4c0a880ba974/timeouts 200 1 ms - 14 
[38;5;104m[8b4756ce][0m[38;5;86m[HTTP][0m [37m-->[39m [37mGET[39m [37m/wd/hub/session/8b4756ce-4da4-4f0d-9eff-4c0a880ba974/window/rect[39m {}
[38;5;104m[8b4756ce][0m[38;5;86m[HTTP][0m <-- GET /wd/hub/session/8b4756ce-4da4-4f0d-9eff-4c0a880ba974/window/rect 200 6 ms - 50 
[38;5;104m[8b4756ce][0m[38;5;86m[HTTP][0m [37m-->[39m [37mPOST[39m [37m/wd/hub/session/8b4756ce-4da4-4f0d-9eff-4c0a880ba974/elements[39m {"value":"//*[@class = 'android.widget.EditText' and (@text = 'Sí, es un triángulo' or . = 'Sí, es un triángulo')]","using":"xpath"}
[38;5;104m[8b4756ce][0m[38;5;86m[HTTP][0m <-- POST /wd/hub/session/8b4756ce-4da4-4f0d-9eff-4c0a880ba974/elements 200 620 ms - 139 
[38;5;104m[8b4756ce][0m[38;5;86m[HTTP][0m [37m-->[39m [37mGET[39m [37m/wd/hub/session/8b4756ce-4da4-4f0d-9eff-4c0a880ba974/element/00000000-0000-0145-ffff-ffff00000034/rect[39m {}
[38;5;104m[8b4756ce][0m[38;5;-30m[AndroidUiautomator2Driver@3a4a][0m Driver proxy active, passing request on via HTTP proxy
[38;5;104m[8b4756ce][0m[38;5;-30m[AndroidUiautomator2Driver@3a4a][0m Replacing sessionId 35037d64-af70-41c3-a3ac-40977727a46a with 8b4756ce-4da4-4f0d-9eff-4c0a880ba974
[38;5;104m[8b4756ce][0m[38;5;86m[HTTP][0m <-- GET /wd/hub/session/8b4756ce-4da4-4f0d-9eff-4c0a880ba974/element/00000000-0000-0145-ffff-ffff00000034/rect 200 9 ms - 103 
[38;5;104m[8b4756ce][0m[38;5;86m[HTTP][0m [37m-->[39m [37mPOST[39m [37m/wd/hub/session/8b4756ce-4da4-4f0d-9eff-4c0a880ba974/timeouts[39m {"implicit":30000}
[38;5;104m[8b4756ce][0m[38;5;86m[HTTP][0m <-- POST /wd/hub/session/8b4756ce-4da4-4f0d-9eff-4c0a880ba974/timeouts 200 1 ms - 14 
[38;5;104m[8b4756ce][0m[38;5;86m[HTTP][0m [37m-->[39m [37mGET[39m [37m/wd/hub/session/8b4756ce-4da4-4f0d-9eff-4c0a880ba974/element/00000000-0000-0145-ffff-ffff00000034/text[39m {}
[38;5;104m[8b4756ce][0m[38;5;-30m[AndroidUiautomator2Driver@3a4a][0m Driver proxy active, passing request on via HTTP proxy
[38;5;104m[8b4756ce][0m[38;5;-30m[AndroidUiautomator2Driver@3a4a][0m Replacing sessionId 35037d64-af70-41c3-a3ac-40977727a46a with 8b4756ce-4da4-4f0d-9eff-4c0a880ba974
[38;5;104m[8b4756ce][0m[38;5;86m[HTTP][0m <-- GET /wd/hub/session/8b4756ce-4da4-4f0d-9eff-4c0a880ba974/element/00000000-0000-0145-ffff-ffff00000034/text 200 6 ms - 84 
[38;5;104m[8b4756ce][0m[38;5;86m[HTTP][0m [37m-->[39m [37mGET[39m [37m/wd/hub/session/8b4756ce-4da4-4f0d-9eff-4c0a880ba974/context[39m {}
[38;5;104m[8b4756ce][0m[38;5;86m[HTTP][0m <-- GET /wd/hub/session/8b4756ce-4da4-4f0d-9eff-4c0a880ba974/context 200 1 ms - 22 
[38;5;104m[8b4756ce][0m[38;5;86m[HTTP][0m [37m-->[39m [37mGET[39m [37m/wd/hub/session/8b4756ce-4da4-4f0d-9eff-4c0a880ba974/contexts[39m {}
[38;5;104m[8b4756ce][0m[38;5;86m[HTTP][0m <-- GET /wd/hub/session/8b4756ce-4da4-4f0d-9eff-4c0a880ba974/contexts 200 280 ms - 24 
[38;5;104m[8b4756ce][0m[38;5;86m[HTTP][0m [37m-->[39m [37mPOST[39m [37m/wd/hub/session/8b4756ce-4da4-4f0d-9eff-4c0a880ba974/context[39m {"name":"NATIVE_APP"}
[38;5;104m[8b4756ce][0m[38;5;86m[HTTP][0m <-- POST /wd/hub/session/8b4756ce-4da4-4f0d-9eff-4c0a880ba974/context 200 1 ms - 14 
[38;5;104m[8b4756ce][0m[38;5;86m[HTTP][0m [37m-->[39m [37mPOST[39m [37m/wd/hub/session/8b4756ce-4da4-4f0d-9eff-4c0a880ba974/execute/sync[39m {"args":[],"script":"mobile: getCurrentPackage"}
[38;5;104m[8b4756ce][0m[38;5;-30m[AndroidUiautomator2Driver@3a4a][0m Executing method 'mobile: getCurrentPackage'
[38;5;104m[8b4756ce][0m[38;5;86m[HTTP][0m <-- POST /wd/hub/session/8b4756ce-4da4-4f0d-9eff-4c0a880ba974/execute/sync 200 108 ms - 58 
[38;5;104m[8b4756ce][0m[38;5;86m[HTTP][0m [37m-->[39m [37mPOST[39m [37m/wd/hub/session/8b4756ce-4da4-4f0d-9eff-4c0a880ba974/execute/sync[39m {"args":[{"appId":"appinventor.ai_nicholais123.TestingAvanzadoApp","bundleId":"appinventor.ai_nicholais123.TestingAvanzadoApp"}],"script":"mobile: terminateApp"}
[38;5;104m[8b4756ce][0m[38;5;-30m[AndroidUiautomator2Driver@3a4a][0m Executing method 'mobile: terminateApp'
[38;5;104m[8b4756ce][0m[38;5;-30m[AndroidUiautomator2Driver@3a4a][0m Terminating 'appinventor.ai_nicholais123.TestingAvanzadoApp'
[38;5;104m[8b4756ce][0m[38;5;-30m[AndroidUiautomator2Driver@3a4a][0m Querying the state of 'appinventor.ai_nicholais123.TestingAvanzadoApp'
[38;5;104m[8b4756ce][0m[38;5;-30m[AndroidUiautomator2Driver@3a4a][0m Querying the state of 'appinventor.ai_nicholais123.TestingAvanzadoApp'
[38;5;104m[8b4756ce][0m[38;5;86m[HTTP][0m <-- POST /wd/hub/session/8b4756ce-4da4-4f0d-9eff-4c0a880ba974/execute/sync 500 764 ms - 744 
[38;5;104m[8b4756ce][0m[38;5;86m[HTTP][0m [37m-->[39m [37mPOST[39m [37m/wd/hub/session/8b4756ce-4da4-4f0d-9eff-4c0a880ba974/context[39m {"name":"NATIVE_APP"}
[38;5;104m[8b4756ce][0m[38;5;86m[HTTP][0m <-- POST /wd/hub/session/8b4756ce-4da4-4f0d-9eff-4c0a880ba974/context 200 1 ms - 14 
[38;5;104m[8b4756ce][0m[38;5;86m[HTTP][0m [37m-->[39m [37mDELETE[39m [37m/wd/hub/session/8b4756ce-4da4-4f0d-9eff-4c0a880ba974[39m {}
[38;5;104m[8b4756ce][0m[38;5;223m[AppiumDriver@9c2a][0m Removing session 8b4756ce-4da4-4f0d-9eff-4c0a880ba974 from our master session list
[38;5;104m[8b4756ce][0m[38;5;229m[ADB][0m appinventor.ai_nicholais123.TestingAvanzadoApp was successfully uninstalled
[38;5;104m[8b4756ce][0m[38;5;-30m[AndroidUiautomator2Driver@3a4a][0m Restoring hidden api policy to the device default configuration
[38;5;104m[8b4756ce][0m[38;5;86m[HTTP][0m <-- DELETE /wd/hub/session/8b4756ce-4da4-4f0d-9eff-4c0a880ba974 200 544 ms - 14 
[38;5;112m[Appium][0m Received SIGTERM - shutting down
[38;5;86m[HTTP][0m Closing Appium HTTP server
[38;5;86m[HTTP][0m Appium HTTP server has been succesfully closed after 0ms
