[38;5;112m[Appium][0m Welcome to Appium v2.17.1 (REV ffec9fec724da725013d5b50e763908113983fc3)
[38;5;112m[Appium][0m Non-default server args:
[38;5;112m[Appium][0m { basePath: [32m'/wd/hub'[39m, loglevel: [32m'info'[39m, port: [33m49602[39m }
[38;5;112m[Appium][0m Attempting to load driver uiautomator2...
[38;5;112m[Appium][0m Appium REST http interface listener started on http://0.0.0.0:49602/wd/hub
[38;5;112m[Appium][0m You can provide the following URLs in your client code to connect to this server:
	http://127.0.0.1:49602/wd/hub (only accessible from the same host)
	http://192.168.0.221:49602/wd/hub
[38;5;112m[Appium][0m Available drivers:
[38;5;112m[Appium][0m   - uiautomator2@2.45.1 (automationName 'UiAutomator2')
[38;5;112m[Appium][0m No plugins have been installed. Use the "appium plugin" command to install the one(s) you want to use.
[38;5;86m[HTTP][0m [37m-->[39m [37mGET[39m [37m/wd/hub/status[39m {}
[38;5;86m[HTTP][0m <-- GET /wd/hub/status 200 4 ms - 200 
[38;5;86m[HTTP][0m [37m-->[39m [37mPOST[39m [37m/wd/hub/session[39m {"capabilities":{"firstMatch":[{"appium:app":"/Users/danielafeoli/Downloads/TestingAvanzadoApp11.apk","appium:autoGrantPermissions":true,"appium:automationName":"uiautomator2","appium:deviceName":"emulator-5554 (Android SDK built for arm64 - Android 9)","appium:fullReset":true,"appium:newCommandTimeout":1800,"appium:noReset":false,"appium:platformName":"ANDROID","appium:platformVersion":"9","appium:systemPort":49601,"appium:udid":"emulator-5554","platformName":"ANDROID"}]},"desiredCapabilities":{"appium:app":"/Users/danielafeoli/Downloads/TestingAvanzadoApp11.apk","appium:autoGrantPermissions":true,"appium:automationName":"uiautomator2","appium:deviceName":"emulator-5554 (Android SDK built for arm64 - Android 9)","appium:fullReset":true,"appium:newCommandTimeout":1800,"appium:noReset":false,"appium:platformName":"ANDROID","appium:platformVersion":"9","appium:systemPort":49601,"appium:udid":"emulator-5554"}}
[38;5;123m[BaseDriver][0m Ignoring capability 'appium:platformName=ANDROID' and using capability 'platformName=ANDROID'
[38;5;123m[BaseDriver][0m The capabilities ["platformName"] are standard capabilities and do not require "appium:" prefix
[38;5;112m[Appium][0m Attempting to find matching driver for automationName 'uiautomator2' and platformName 'ANDROID'
[38;5;112m[Appium][0m The 'uiautomator2' driver was installed and matched caps.
[38;5;112m[Appium][0m Will require it at /Users/danielafeoli/.appium/node_modules/appium-uiautomator2-driver
[38;5;106m[AppiumDriver@5fcf][0m Appium v2.17.1 creating new AndroidUiautomator2Driver (v2.45.1) session
[38;5;106m[AppiumDriver@5fcf][0m Checking BaseDriver versions for Appium and AndroidUiautomator2Driver
[38;5;106m[AppiumDriver@5fcf][0m Appium's BaseDriver version is 9.16.4
[38;5;106m[AppiumDriver@5fcf][0m AndroidUiautomator2Driver's BaseDriver version is 9.16.4
[38;5;39m[8b5c78b2][0m[38;5;-21m[AndroidUiautomator2Driver@b65c][0m Session created with session id: 8b5c78b2-b658-485d-9c84-0324a967e535
[38;5;39m[8b5c78b2][0m[38;5;229m[ADB][0m Found 1 'build-tools' folders under '/Users/danielafeoli/.katalon/tools/android_sdk' (newest first):
[38;5;39m[8b5c78b2][0m[38;5;229m[ADB][0m     /Users/danielafeoli/.katalon/tools/android_sdk/build-tools/29.0.3
[38;5;39m[8b5c78b2][0m[38;5;229m[ADB][0m Using 'adb' from '/Users/danielafeoli/.katalon/tools/android_sdk/platform-tools/adb'
[38;5;39m[8b5c78b2][0m[38;5;-21m[AndroidUiautomator2Driver@b65c][0m Retrieving device list
[38;5;39m[8b5c78b2][0m[38;5;-21m[AndroidUiautomator2Driver@b65c][0m Using device: emulator-5554
[38;5;39m[8b5c78b2][0m[38;5;229m[ADB][0m Using 'adb' from '/Users/danielafeoli/.katalon/tools/android_sdk/platform-tools/adb'
[38;5;39m[8b5c78b2][0m[38;5;123m[BaseDriver][0m Using local app '/Users/danielafeoli/Downloads/TestingAvanzadoApp11.apk'
[38;5;39m[8b5c78b2][0m[38;5;229m[ADB][0m Getting device platform version
[38;5;39m[8b5c78b2][0m[38;5;-21m[AndroidUiautomator2Driver@b65c][0m Relaxing hidden api policy
[38;5;39m[8b5c78b2][0m[38;5;229m[ADB][0m Package name: 'appinventor.ai_nicholais123.TestingAvanzadoApp'
[38;5;39m[8b5c78b2][0m[38;5;229m[ADB][0m Main activity name: '.Screen1'
[38;5;39m[8b5c78b2][0m[38;5;229m[ADB][0m Using 'apksigner.jar' from '/Users/danielafeoli/.katalon/tools/android_sdk/build-tools/29.0.3/lib/apksigner.jar'
[38;5;39m[8b5c78b2][0m[38;5;229m[ADB][0m '/Users/danielafeoli/.appium/node_modules/appium-uiautomator2-driver/node_modules/appium-uiautomator2-server/apks/appium-uiautomator2-server-debug-androidTest.apk' is signed with the default certificate
[38;5;39m[8b5c78b2][0m[38;5;229m[ADB][0m '/Users/danielafeoli/Downloads/TestingAvanzadoApp11.apk' is signed with a non-default certificate
[38;5;39m[8b5c78b2][0m[38;5;229m[ADB][0m appinventor.ai_nicholais123.TestingAvanzadoApp was not uninstalled, because it was not present on the device
[38;5;39m[8b5c78b2][0m[38;5;229m[ADB][0m The application at '/Users/danielafeoli/Downloads/TestingAvanzadoApp11.apk' will not be cached, because the device under test has confirmed the support of streamed installs
[38;5;39m[8b5c78b2][0m[38;5;229m[ADB][0m '/Users/danielafeoli/.appium/node_modules/appium-uiautomator2-driver/node_modules/appium-uiautomator2-server/apks/appium-uiautomator2-server-v6.0.9.apk' is signed with the default certificate
[38;5;39m[8b5c78b2][0m[38;5;-21m[AndroidUiautomator2Driver@b65c][0m Server packages are not going to be (re)installed
[38;5;39m[8b5c78b2][0m[38;5;229m[ADB][0m Adding packages ["io.appium.settings","io.appium.uiautomator2.server","io.appium.uiautomator2.server.test"] to Doze whitelist
[38;5;39m[8b5c78b2][0m[38;5;229m[ADB][0m The installation of 'TestingAvanzadoApp11.apk' took 1356ms
[38;5;39m[8b5c78b2][0m[38;5;-21m[AndroidUiautomator2Driver@b65c][0m Starting UIAutomator2 server 6.0.9
[38;5;39m[8b5c78b2][0m[38;5;-21m[AndroidUiautomator2Driver@b65c][0m Using UIAutomator2 server from '/Users/danielafeoli/.appium/node_modules/appium-uiautomator2-driver/node_modules/appium-uiautomator2-server/apks/appium-uiautomator2-server-v6.0.9.apk' and test from '/Users/danielafeoli/.appium/node_modules/appium-uiautomator2-driver/node_modules/appium-uiautomator2-server/apks/appium-uiautomator2-server-debug-androidTest.apk'
[38;5;39m[8b5c78b2][0m[38;5;-21m[AndroidUiautomator2Driver@b65c][0m Waiting up to 30000ms for UiAutomator2 to be online...
[38;5;39m[8b5c78b2][0m[38;5;-21m[AndroidUiautomator2Driver@b65c][0m socket hang up
[38;5;39m[8b5c78b2][0m[38;5;-21m[AndroidUiautomator2Driver@b65c][0m socket hang up
[38;5;39m[8b5c78b2][0m[38;5;-21m[AndroidUiautomator2Driver@b65c][0m Determined the downstream protocol as 'W3C'
[38;5;39m[8b5c78b2][0m[38;5;-21m[AndroidUiautomator2Driver@b65c][0m Screen already unlocked, doing nothing
[38;5;39m[8b5c78b2][0m[38;5;-21m[AndroidUiautomator2Driver@b65c][0m Starting 'appinventor.ai_nicholais123.TestingAvanzadoApp/.Screen1 and waiting for 'appinventor.ai_nicholais123.TestingAvanzadoApp/.Screen1'
[38;5;39m[8b5c78b2][0m[38;5;106m[AppiumDriver@5fcf][0m New AndroidUiautomator2Driver session created successfully, session 8b5c78b2-b658-485d-9c84-0324a967e535 added to master session list
[38;5;39m[8b5c78b2][0m[38;5;86m[HTTP][0m <-- POST /wd/hub/session 200 6353 ms - 1269 
[38;5;86m[HTTP][0m [37m-->[39m [37mGET[39m [37m/wd/hub/status[39m {}
[38;5;86m[HTTP][0m <-- GET /wd/hub/status 200 1 ms - 200 
[38;5;39m[8b5c78b2][0m[38;5;86m[HTTP][0m [37m-->[39m [37mPOST[39m [37m/wd/hub/session/8b5c78b2-b658-485d-9c84-0324a967e535/timeouts[39m {"implicit":30000}
[38;5;39m[8b5c78b2][0m[38;5;86m[HTTP][0m <-- POST /wd/hub/session/8b5c78b2-b658-485d-9c84-0324a967e535/timeouts 200 3 ms - 14 
[38;5;39m[8b5c78b2][0m[38;5;86m[HTTP][0m [37m-->[39m [37mPOST[39m [37m/wd/hub/session/8b5c78b2-b658-485d-9c84-0324a967e535/execute/sync[39m {"args":[],"script":"mobile: getSystemBars"}
[38;5;39m[8b5c78b2][0m[38;5;-21m[AndroidUiautomator2Driver@b65c][0m Executing method 'mobile: getSystemBars'
[38;5;39m[8b5c78b2][0m[38;5;86m[HTTP][0m <-- POST /wd/hub/session/8b5c78b2-b658-485d-9c84-0324a967e535/execute/sync 200 96 ms - 151 
[38;5;39m[8b5c78b2][0m[38;5;86m[HTTP][0m [37m-->[39m [37mPOST[39m [37m/wd/hub/session/8b5c78b2-b658-485d-9c84-0324a967e535/timeouts[39m {"implicit":50}
[38;5;39m[8b5c78b2][0m[38;5;86m[HTTP][0m <-- POST /wd/hub/session/8b5c78b2-b658-485d-9c84-0324a967e535/timeouts 200 2 ms - 14 
[38;5;39m[8b5c78b2][0m[38;5;86m[HTTP][0m [37m-->[39m [37mGET[39m [37m/wd/hub/session/8b5c78b2-b658-485d-9c84-0324a967e535/window/rect[39m {}
[38;5;39m[8b5c78b2][0m[38;5;86m[HTTP][0m <-- GET /wd/hub/session/8b5c78b2-b658-485d-9c84-0324a967e535/window/rect 200 24 ms - 50 
[38;5;39m[8b5c78b2][0m[38;5;86m[HTTP][0m [37m-->[39m [37mPOST[39m [37m/wd/hub/session/8b5c78b2-b658-485d-9c84-0324a967e535/elements[39m {"value":"//*[@class = 'android.widget.Button' and (@text = 'Contador de tenis' or . = 'Contador de tenis')]","using":"xpath"}
[38;5;39m[8b5c78b2][0m[38;5;86m[HTTP][0m <-- POST /wd/hub/session/8b5c78b2-b658-485d-9c84-0324a967e535/elements 200 565 ms - 139 
[38;5;39m[8b5c78b2][0m[38;5;86m[HTTP][0m [37m-->[39m [37mGET[39m [37m/wd/hub/session/8b5c78b2-b658-485d-9c84-0324a967e535/element/00000000-0000-01ee-ffff-ffff00000012/rect[39m {}
[38;5;39m[8b5c78b2][0m[38;5;-21m[AndroidUiautomator2Driver@b65c][0m Driver proxy active, passing request on via HTTP proxy
[38;5;39m[8b5c78b2][0m[38;5;-21m[AndroidUiautomator2Driver@b65c][0m Replacing sessionId ed164410-e87b-4b98-a0e3-84978efe48e6 with 8b5c78b2-b658-485d-9c84-0324a967e535
[38;5;39m[8b5c78b2][0m[38;5;86m[HTTP][0m <-- GET /wd/hub/session/8b5c78b2-b658-485d-9c84-0324a967e535/element/00000000-0000-01ee-ffff-ffff00000012/rect 200 13 ms - 103 
[38;5;39m[8b5c78b2][0m[38;5;86m[HTTP][0m [37m-->[39m [37mPOST[39m [37m/wd/hub/session/8b5c78b2-b658-485d-9c84-0324a967e535/timeouts[39m {"implicit":30000}
[38;5;39m[8b5c78b2][0m[38;5;86m[HTTP][0m <-- POST /wd/hub/session/8b5c78b2-b658-485d-9c84-0324a967e535/timeouts 200 1 ms - 14 
[38;5;39m[8b5c78b2][0m[38;5;86m[HTTP][0m [37m-->[39m [37mPOST[39m [37m/wd/hub/session/8b5c78b2-b658-485d-9c84-0324a967e535/element/00000000-0000-01ee-ffff-ffff00000012/click[39m {"id":"00000000-0000-01ee-ffff-ffff00000012"}
[38;5;39m[8b5c78b2][0m[38;5;86m[HTTP][0m <-- POST /wd/hub/session/8b5c78b2-b658-485d-9c84-0324a967e535/element/00000000-0000-01ee-ffff-ffff00000012/click 200 47 ms - 14 
[38;5;39m[8b5c78b2][0m[38;5;86m[HTTP][0m [37m-->[39m [37mPOST[39m [37m/wd/hub/session/8b5c78b2-b658-485d-9c84-0324a967e535/timeouts[39m {"implicit":50}
[38;5;39m[8b5c78b2][0m[38;5;86m[HTTP][0m <-- POST /wd/hub/session/8b5c78b2-b658-485d-9c84-0324a967e535/timeouts 200 1 ms - 14 
[38;5;39m[8b5c78b2][0m[38;5;86m[HTTP][0m [37m-->[39m [37mGET[39m [37m/wd/hub/session/8b5c78b2-b658-485d-9c84-0324a967e535/window/rect[39m {}
[38;5;39m[8b5c78b2][0m[38;5;86m[HTTP][0m <-- GET /wd/hub/session/8b5c78b2-b658-485d-9c84-0324a967e535/window/rect 200 64 ms - 50 
[38;5;39m[8b5c78b2][0m[38;5;86m[HTTP][0m [37m-->[39m [37mPOST[39m [37m/wd/hub/session/8b5c78b2-b658-485d-9c84-0324a967e535/elements[39m {"value":"//hierarchy/android.widget.FrameLayout[1]/android.widget.LinearLayout[1]/android.widget.FrameLayout[2]/android.widget.LinearLayout[1]/android.view.ViewGroup[1]/android.widget.ScrollView[1]/android.widget.LinearLayout[1]/android.widget.FrameLayout[1]/android.widget.LinearLayout[1]/android.widget.FrameLayout[6]/android.widget.LinearLayout[1]/android.widget.FrameLayout[2]/android.widget.LinearLayout[1]/android.widget.ImageView[1]","using":"xpath"}
[38;5;39m[8b5c78b2][0m[38;5;86m[HTTP][0m <-- POST /wd/hub/session/8b5c78b2-b658-485d-9c84-0324a967e535/elements 200 832 ms - 139 
[38;5;39m[8b5c78b2][0m[38;5;86m[HTTP][0m [37m-->[39m [37mGET[39m [37m/wd/hub/session/8b5c78b2-b658-485d-9c84-0324a967e535/element/00000000-0000-01ef-ffff-ffff00000047/rect[39m {}
[38;5;39m[8b5c78b2][0m[38;5;-21m[AndroidUiautomator2Driver@b65c][0m Driver proxy active, passing request on via HTTP proxy
[38;5;39m[8b5c78b2][0m[38;5;-21m[AndroidUiautomator2Driver@b65c][0m Replacing sessionId ed164410-e87b-4b98-a0e3-84978efe48e6 with 8b5c78b2-b658-485d-9c84-0324a967e535
[38;5;39m[8b5c78b2][0m[38;5;86m[HTTP][0m <-- GET /wd/hub/session/8b5c78b2-b658-485d-9c84-0324a967e535/element/00000000-0000-01ef-ffff-ffff00000047/rect 200 10 ms - 104 
[38;5;39m[8b5c78b2][0m[38;5;86m[HTTP][0m [37m-->[39m [37mPOST[39m [37m/wd/hub/session/8b5c78b2-b658-485d-9c84-0324a967e535/timeouts[39m {"implicit":30000}
[38;5;39m[8b5c78b2][0m[38;5;86m[HTTP][0m <-- POST /wd/hub/session/8b5c78b2-b658-485d-9c84-0324a967e535/timeouts 200 1 ms - 14 
[38;5;39m[8b5c78b2][0m[38;5;86m[HTTP][0m [37m-->[39m [37mPOST[39m [37m/wd/hub/session/8b5c78b2-b658-485d-9c84-0324a967e535/element/00000000-0000-01ef-ffff-ffff00000047/click[39m {"id":"00000000-0000-01ef-ffff-ffff00000047"}
[38;5;39m[8b5c78b2][0m[38;5;86m[HTTP][0m <-- POST /wd/hub/session/8b5c78b2-b658-485d-9c84-0324a967e535/element/00000000-0000-01ef-ffff-ffff00000047/click 200 42 ms - 14 
[38;5;39m[8b5c78b2][0m[38;5;86m[HTTP][0m [37m-->[39m [37mPOST[39m [37m/wd/hub/session/8b5c78b2-b658-485d-9c84-0324a967e535/timeouts[39m {"implicit":50}
[38;5;39m[8b5c78b2][0m[38;5;86m[HTTP][0m <-- POST /wd/hub/session/8b5c78b2-b658-485d-9c84-0324a967e535/timeouts 200 1 ms - 14 
[38;5;39m[8b5c78b2][0m[38;5;86m[HTTP][0m [37m-->[39m [37mGET[39m [37m/wd/hub/session/8b5c78b2-b658-485d-9c84-0324a967e535/window/rect[39m {}
[38;5;39m[8b5c78b2][0m[38;5;86m[HTTP][0m <-- GET /wd/hub/session/8b5c78b2-b658-485d-9c84-0324a967e535/window/rect 200 9 ms - 50 
[38;5;39m[8b5c78b2][0m[38;5;86m[HTTP][0m [37m-->[39m [37mPOST[39m [37m/wd/hub/session/8b5c78b2-b658-485d-9c84-0324a967e535/elements[39m {"value":"//hierarchy/android.widget.FrameLayout[1]/android.widget.LinearLayout[1]/android.widget.FrameLayout[2]/android.widget.LinearLayout[1]/android.view.ViewGroup[1]/android.widget.ScrollView[1]/android.widget.LinearLayout[1]/android.widget.FrameLayout[1]/android.widget.LinearLayout[1]/android.widget.FrameLayout[6]/android.widget.LinearLayout[1]/android.widget.FrameLayout[2]/android.widget.LinearLayout[1]/android.widget.ImageView[1]","using":"xpath"}
[38;5;39m[8b5c78b2][0m[38;5;86m[HTTP][0m <-- POST /wd/hub/session/8b5c78b2-b658-485d-9c84-0324a967e535/elements 200 548 ms - 139 
[38;5;39m[8b5c78b2][0m[38;5;86m[HTTP][0m [37m-->[39m [37mGET[39m [37m/wd/hub/session/8b5c78b2-b658-485d-9c84-0324a967e535/element/00000000-0000-01ef-ffff-ffff00000047/rect[39m {}
[38;5;39m[8b5c78b2][0m[38;5;-21m[AndroidUiautomator2Driver@b65c][0m Driver proxy active, passing request on via HTTP proxy
[38;5;39m[8b5c78b2][0m[38;5;-21m[AndroidUiautomator2Driver@b65c][0m Replacing sessionId ed164410-e87b-4b98-a0e3-84978efe48e6 with 8b5c78b2-b658-485d-9c84-0324a967e535
[38;5;39m[8b5c78b2][0m[38;5;86m[HTTP][0m <-- GET /wd/hub/session/8b5c78b2-b658-485d-9c84-0324a967e535/element/00000000-0000-01ef-ffff-ffff00000047/rect 200 42 ms - 104 
[38;5;39m[8b5c78b2][0m[38;5;86m[HTTP][0m [37m-->[39m [37mPOST[39m [37m/wd/hub/session/8b5c78b2-b658-485d-9c84-0324a967e535/timeouts[39m {"implicit":30000}
[38;5;39m[8b5c78b2][0m[38;5;86m[HTTP][0m <-- POST /wd/hub/session/8b5c78b2-b658-485d-9c84-0324a967e535/timeouts 200 1 ms - 14 
[38;5;39m[8b5c78b2][0m[38;5;86m[HTTP][0m [37m-->[39m [37mPOST[39m [37m/wd/hub/session/8b5c78b2-b658-485d-9c84-0324a967e535/element/00000000-0000-01ef-ffff-ffff00000047/click[39m {"id":"00000000-0000-01ef-ffff-ffff00000047"}
[38;5;39m[8b5c78b2][0m[38;5;86m[HTTP][0m <-- POST /wd/hub/session/8b5c78b2-b658-485d-9c84-0324a967e535/element/00000000-0000-01ef-ffff-ffff00000047/click 200 71 ms - 14 
[38;5;39m[8b5c78b2][0m[38;5;86m[HTTP][0m [37m-->[39m [37mPOST[39m [37m/wd/hub/session/8b5c78b2-b658-485d-9c84-0324a967e535/timeouts[39m {"implicit":50}
[38;5;39m[8b5c78b2][0m[38;5;86m[HTTP][0m <-- POST /wd/hub/session/8b5c78b2-b658-485d-9c84-0324a967e535/timeouts 200 2 ms - 14 
[38;5;39m[8b5c78b2][0m[38;5;86m[HTTP][0m [37m-->[39m [37mGET[39m [37m/wd/hub/session/8b5c78b2-b658-485d-9c84-0324a967e535/window/rect[39m {}
[38;5;39m[8b5c78b2][0m[38;5;86m[HTTP][0m <-- GET /wd/hub/session/8b5c78b2-b658-485d-9c84-0324a967e535/window/rect 200 9 ms - 50 
[38;5;39m[8b5c78b2][0m[38;5;86m[HTTP][0m [37m-->[39m [37mPOST[39m [37m/wd/hub/session/8b5c78b2-b658-485d-9c84-0324a967e535/elements[39m {"value":"//hierarchy/android.widget.FrameLayout[1]/android.widget.LinearLayout[1]/android.widget.FrameLayout[2]/android.widget.LinearLayout[1]/android.view.ViewGroup[1]/android.widget.ScrollView[1]/android.widget.LinearLayout[1]/android.widget.FrameLayout[1]/android.widget.LinearLayout[1]/android.widget.FrameLayout[6]/android.widget.LinearLayout[1]/android.widget.FrameLayout[2]/android.widget.LinearLayout[1]/android.widget.ImageView[1]","using":"xpath"}
[38;5;39m[8b5c78b2][0m[38;5;86m[HTTP][0m <-- POST /wd/hub/session/8b5c78b2-b658-485d-9c84-0324a967e535/elements 200 541 ms - 139 
[38;5;39m[8b5c78b2][0m[38;5;86m[HTTP][0m [37m-->[39m [37mGET[39m [37m/wd/hub/session/8b5c78b2-b658-485d-9c84-0324a967e535/element/00000000-0000-01ef-ffff-ffff00000047/rect[39m {}
[38;5;39m[8b5c78b2][0m[38;5;-21m[AndroidUiautomator2Driver@b65c][0m Driver proxy active, passing request on via HTTP proxy
[38;5;39m[8b5c78b2][0m[38;5;-21m[AndroidUiautomator2Driver@b65c][0m Replacing sessionId ed164410-e87b-4b98-a0e3-84978efe48e6 with 8b5c78b2-b658-485d-9c84-0324a967e535
[38;5;39m[8b5c78b2][0m[38;5;86m[HTTP][0m <-- GET /wd/hub/session/8b5c78b2-b658-485d-9c84-0324a967e535/element/00000000-0000-01ef-ffff-ffff00000047/rect 200 8 ms - 104 
[38;5;39m[8b5c78b2][0m[38;5;86m[HTTP][0m [37m-->[39m [37mPOST[39m [37m/wd/hub/session/8b5c78b2-b658-485d-9c84-0324a967e535/timeouts[39m {"implicit":30000}
[38;5;39m[8b5c78b2][0m[38;5;86m[HTTP][0m <-- POST /wd/hub/session/8b5c78b2-b658-485d-9c84-0324a967e535/timeouts 200 1 ms - 14 
[38;5;39m[8b5c78b2][0m[38;5;86m[HTTP][0m [37m-->[39m [37mPOST[39m [37m/wd/hub/session/8b5c78b2-b658-485d-9c84-0324a967e535/element/00000000-0000-01ef-ffff-ffff00000047/click[39m {"id":"00000000-0000-01ef-ffff-ffff00000047"}
[38;5;39m[8b5c78b2][0m[38;5;86m[HTTP][0m <-- POST /wd/hub/session/8b5c78b2-b658-485d-9c84-0324a967e535/element/00000000-0000-01ef-ffff-ffff00000047/click 200 533 ms - 14 
[38;5;39m[8b5c78b2][0m[38;5;86m[HTTP][0m [37m-->[39m [37mPOST[39m [37m/wd/hub/session/8b5c78b2-b658-485d-9c84-0324a967e535/timeouts[39m {"implicit":50}
[38;5;39m[8b5c78b2][0m[38;5;86m[HTTP][0m <-- POST /wd/hub/session/8b5c78b2-b658-485d-9c84-0324a967e535/timeouts 200 2 ms - 14 
[38;5;39m[8b5c78b2][0m[38;5;86m[HTTP][0m [37m-->[39m [37mGET[39m [37m/wd/hub/session/8b5c78b2-b658-485d-9c84-0324a967e535/window/rect[39m {}
[38;5;39m[8b5c78b2][0m[38;5;86m[HTTP][0m <-- GET /wd/hub/session/8b5c78b2-b658-485d-9c84-0324a967e535/window/rect 200 10 ms - 50 
[38;5;39m[8b5c78b2][0m[38;5;86m[HTTP][0m [37m-->[39m [37mPOST[39m [37m/wd/hub/session/8b5c78b2-b658-485d-9c84-0324a967e535/elements[39m {"value":"//hierarchy/android.widget.FrameLayout[1]/android.widget.LinearLayout[1]/android.widget.FrameLayout[2]/android.widget.LinearLayout[1]/android.view.ViewGroup[1]/android.widget.ScrollView[1]/android.widget.LinearLayout[1]/android.widget.FrameLayout[1]/android.widget.LinearLayout[1]/android.widget.FrameLayout[6]/android.widget.LinearLayout[1]/android.widget.FrameLayout[2]/android.widget.LinearLayout[1]/android.widget.ImageView[1]","using":"xpath"}
[38;5;39m[8b5c78b2][0m[38;5;86m[HTTP][0m <-- POST /wd/hub/session/8b5c78b2-b658-485d-9c84-0324a967e535/elements 200 69 ms - 139 
[38;5;39m[8b5c78b2][0m[38;5;86m[HTTP][0m [37m-->[39m [37mGET[39m [37m/wd/hub/session/8b5c78b2-b658-485d-9c84-0324a967e535/element/00000000-0000-01ef-ffff-ffff00000047/rect[39m {}
[38;5;39m[8b5c78b2][0m[38;5;-21m[AndroidUiautomator2Driver@b65c][0m Driver proxy active, passing request on via HTTP proxy
[38;5;39m[8b5c78b2][0m[38;5;-21m[AndroidUiautomator2Driver@b65c][0m Replacing sessionId ed164410-e87b-4b98-a0e3-84978efe48e6 with 8b5c78b2-b658-485d-9c84-0324a967e535
[38;5;39m[8b5c78b2][0m[38;5;86m[HTTP][0m <-- GET /wd/hub/session/8b5c78b2-b658-485d-9c84-0324a967e535/element/00000000-0000-01ef-ffff-ffff00000047/rect 200 7 ms - 104 
[38;5;39m[8b5c78b2][0m[38;5;86m[HTTP][0m [37m-->[39m [37mPOST[39m [37m/wd/hub/session/8b5c78b2-b658-485d-9c84-0324a967e535/timeouts[39m {"implicit":30000}
[38;5;39m[8b5c78b2][0m[38;5;86m[HTTP][0m <-- POST /wd/hub/session/8b5c78b2-b658-485d-9c84-0324a967e535/timeouts 200 1 ms - 14 
[38;5;39m[8b5c78b2][0m[38;5;86m[HTTP][0m [37m-->[39m [37mPOST[39m [37m/wd/hub/session/8b5c78b2-b658-485d-9c84-0324a967e535/element/00000000-0000-01ef-ffff-ffff00000047/click[39m {"id":"00000000-0000-01ef-ffff-ffff00000047"}
[38;5;39m[8b5c78b2][0m[38;5;86m[HTTP][0m <-- POST /wd/hub/session/8b5c78b2-b658-485d-9c84-0324a967e535/element/00000000-0000-01ef-ffff-ffff00000047/click 200 639 ms - 14 
[38;5;39m[8b5c78b2][0m[38;5;86m[HTTP][0m [37m-->[39m [37mPOST[39m [37m/wd/hub/session/8b5c78b2-b658-485d-9c84-0324a967e535/timeouts[39m {"implicit":50}
[38;5;39m[8b5c78b2][0m[38;5;86m[HTTP][0m <-- POST /wd/hub/session/8b5c78b2-b658-485d-9c84-0324a967e535/timeouts 200 1 ms - 14 
[38;5;39m[8b5c78b2][0m[38;5;86m[HTTP][0m [37m-->[39m [37mGET[39m [37m/wd/hub/session/8b5c78b2-b658-485d-9c84-0324a967e535/window/rect[39m {}
[38;5;39m[8b5c78b2][0m[38;5;86m[HTTP][0m <-- GET /wd/hub/session/8b5c78b2-b658-485d-9c84-0324a967e535/window/rect 200 9 ms - 50 
[38;5;39m[8b5c78b2][0m[38;5;86m[HTTP][0m [37m-->[39m [37mPOST[39m [37m/wd/hub/session/8b5c78b2-b658-485d-9c84-0324a967e535/elements[39m {"value":"//hierarchy/android.widget.FrameLayout[1]/android.widget.LinearLayout[1]/android.widget.FrameLayout[2]/android.widget.LinearLayout[1]/android.view.ViewGroup[1]/android.widget.ScrollView[1]/android.widget.LinearLayout[1]/android.widget.FrameLayout[1]/android.widget.LinearLayout[1]/android.widget.FrameLayout[5]/android.widget.LinearLayout[1]/android.widget.FrameLayout[2]/android.widget.LinearLayout[1]/android.widget.TextView[1]","using":"xpath"}
[38;5;39m[8b5c78b2][0m[38;5;86m[HTTP][0m <-- POST /wd/hub/session/8b5c78b2-b658-485d-9c84-0324a967e535/elements 200 50 ms - 139 
[38;5;39m[8b5c78b2][0m[38;5;86m[HTTP][0m [37m-->[39m [37mGET[39m [37m/wd/hub/session/8b5c78b2-b658-485d-9c84-0324a967e535/element/00000000-0000-01ef-ffff-ffff00000055/rect[39m {}
[38;5;39m[8b5c78b2][0m[38;5;-21m[AndroidUiautomator2Driver@b65c][0m Driver proxy active, passing request on via HTTP proxy
[38;5;39m[8b5c78b2][0m[38;5;-21m[AndroidUiautomator2Driver@b65c][0m Replacing sessionId ed164410-e87b-4b98-a0e3-84978efe48e6 with 8b5c78b2-b658-485d-9c84-0324a967e535
[38;5;39m[8b5c78b2][0m[38;5;86m[HTTP][0m <-- GET /wd/hub/session/8b5c78b2-b658-485d-9c84-0324a967e535/element/00000000-0000-01ef-ffff-ffff00000055/rect 200 11 ms - 103 
[38;5;39m[8b5c78b2][0m[38;5;86m[HTTP][0m [37m-->[39m [37mPOST[39m [37m/wd/hub/session/8b5c78b2-b658-485d-9c84-0324a967e535/timeouts[39m {"implicit":30000}
[38;5;39m[8b5c78b2][0m[38;5;86m[HTTP][0m <-- POST /wd/hub/session/8b5c78b2-b658-485d-9c84-0324a967e535/timeouts 200 0 ms - 14 
[38;5;39m[8b5c78b2][0m[38;5;86m[HTTP][0m [37m-->[39m [37mGET[39m [37m/wd/hub/session/8b5c78b2-b658-485d-9c84-0324a967e535/element/00000000-0000-01ef-ffff-ffff00000055/text[39m {}
[38;5;39m[8b5c78b2][0m[38;5;-21m[AndroidUiautomator2Driver@b65c][0m Driver proxy active, passing request on via HTTP proxy
[38;5;39m[8b5c78b2][0m[38;5;-21m[AndroidUiautomator2Driver@b65c][0m Replacing sessionId ed164410-e87b-4b98-a0e3-84978efe48e6 with 8b5c78b2-b658-485d-9c84-0324a967e535
[38;5;39m[8b5c78b2][0m[38;5;86m[HTTP][0m <-- GET /wd/hub/session/8b5c78b2-b658-485d-9c84-0324a967e535/element/00000000-0000-01ef-ffff-ffff00000055/text 200 7 ms - 77 
[38;5;39m[8b5c78b2][0m[38;5;86m[HTTP][0m [37m-->[39m [37mPOST[39m [37m/wd/hub/session/8b5c78b2-b658-485d-9c84-0324a967e535/timeouts[39m {"implicit":50}
[38;5;39m[8b5c78b2][0m[38;5;86m[HTTP][0m <-- POST /wd/hub/session/8b5c78b2-b658-485d-9c84-0324a967e535/timeouts 200 0 ms - 14 
[38;5;39m[8b5c78b2][0m[38;5;86m[HTTP][0m [37m-->[39m [37mGET[39m [37m/wd/hub/session/8b5c78b2-b658-485d-9c84-0324a967e535/window/rect[39m {}
[38;5;39m[8b5c78b2][0m[38;5;86m[HTTP][0m <-- GET /wd/hub/session/8b5c78b2-b658-485d-9c84-0324a967e535/window/rect 200 6 ms - 50 
[38;5;39m[8b5c78b2][0m[38;5;86m[HTTP][0m [37m-->[39m [37mPOST[39m [37m/wd/hub/session/8b5c78b2-b658-485d-9c84-0324a967e535/elements[39m {"value":"//hierarchy/android.widget.FrameLayout[1]/android.widget.LinearLayout[1]/android.widget.FrameLayout[2]/android.widget.LinearLayout[1]/android.view.ViewGroup[1]/android.widget.ScrollView[1]/android.widget.LinearLayout[1]/android.widget.FrameLayout[1]/android.widget.LinearLayout[1]/android.widget.FrameLayout[6]/android.widget.LinearLayout[1]/android.widget.FrameLayout[2]/android.widget.LinearLayout[1]/android.widget.ImageView[1]","using":"xpath"}
[38;5;39m[8b5c78b2][0m[38;5;86m[HTTP][0m <-- POST /wd/hub/session/8b5c78b2-b658-485d-9c84-0324a967e535/elements 200 29 ms - 139 
[38;5;39m[8b5c78b2][0m[38;5;86m[HTTP][0m [37m-->[39m [37mGET[39m [37m/wd/hub/session/8b5c78b2-b658-485d-9c84-0324a967e535/element/00000000-0000-01ef-ffff-ffff00000047/rect[39m {}
[38;5;39m[8b5c78b2][0m[38;5;-21m[AndroidUiautomator2Driver@b65c][0m Driver proxy active, passing request on via HTTP proxy
[38;5;39m[8b5c78b2][0m[38;5;-21m[AndroidUiautomator2Driver@b65c][0m Replacing sessionId ed164410-e87b-4b98-a0e3-84978efe48e6 with 8b5c78b2-b658-485d-9c84-0324a967e535
[38;5;39m[8b5c78b2][0m[38;5;86m[HTTP][0m <-- GET /wd/hub/session/8b5c78b2-b658-485d-9c84-0324a967e535/element/00000000-0000-01ef-ffff-ffff00000047/rect 200 9 ms - 104 
[38;5;39m[8b5c78b2][0m[38;5;86m[HTTP][0m [37m-->[39m [37mPOST[39m [37m/wd/hub/session/8b5c78b2-b658-485d-9c84-0324a967e535/timeouts[39m {"implicit":30000}
[38;5;39m[8b5c78b2][0m[38;5;86m[HTTP][0m <-- POST /wd/hub/session/8b5c78b2-b658-485d-9c84-0324a967e535/timeouts 200 0 ms - 14 
[38;5;39m[8b5c78b2][0m[38;5;86m[HTTP][0m [37m-->[39m [37mPOST[39m [37m/wd/hub/session/8b5c78b2-b658-485d-9c84-0324a967e535/element/00000000-0000-01ef-ffff-ffff00000047/click[39m {"id":"00000000-0000-01ef-ffff-ffff00000047"}
[38;5;39m[8b5c78b2][0m[38;5;86m[HTTP][0m <-- POST /wd/hub/session/8b5c78b2-b658-485d-9c84-0324a967e535/element/00000000-0000-01ef-ffff-ffff00000047/click 200 29 ms - 14 
[38;5;39m[8b5c78b2][0m[38;5;86m[HTTP][0m [37m-->[39m [37mPOST[39m [37m/wd/hub/session/8b5c78b2-b658-485d-9c84-0324a967e535/timeouts[39m {"implicit":50}
[38;5;39m[8b5c78b2][0m[38;5;86m[HTTP][0m <-- POST /wd/hub/session/8b5c78b2-b658-485d-9c84-0324a967e535/timeouts 200 1 ms - 14 
[38;5;39m[8b5c78b2][0m[38;5;86m[HTTP][0m [37m-->[39m [37mGET[39m [37m/wd/hub/session/8b5c78b2-b658-485d-9c84-0324a967e535/window/rect[39m {}
[38;5;39m[8b5c78b2][0m[38;5;86m[HTTP][0m <-- GET /wd/hub/session/8b5c78b2-b658-485d-9c84-0324a967e535/window/rect 200 7 ms - 50 
[38;5;39m[8b5c78b2][0m[38;5;86m[HTTP][0m [37m-->[39m [37mPOST[39m [37m/wd/hub/session/8b5c78b2-b658-485d-9c84-0324a967e535/elements[39m {"value":"//hierarchy/android.widget.FrameLayout[1]/android.widget.LinearLayout[1]/android.widget.FrameLayout[2]/android.widget.LinearLayout[1]/android.view.ViewGroup[1]/android.widget.ScrollView[1]/android.widget.LinearLayout[1]/android.widget.FrameLayout[1]/android.widget.LinearLayout[1]/android.widget.FrameLayout[6]/android.widget.LinearLayout[1]/android.widget.FrameLayout[2]/android.widget.LinearLayout[1]/android.widget.ImageView[1]","using":"xpath"}
[38;5;39m[8b5c78b2][0m[38;5;86m[HTTP][0m <-- POST /wd/hub/session/8b5c78b2-b658-485d-9c84-0324a967e535/elements 200 542 ms - 139 
[38;5;39m[8b5c78b2][0m[38;5;86m[HTTP][0m [37m-->[39m [37mGET[39m [37m/wd/hub/session/8b5c78b2-b658-485d-9c84-0324a967e535/element/00000000-0000-01ef-ffff-ffff00000047/rect[39m {}
[38;5;39m[8b5c78b2][0m[38;5;-21m[AndroidUiautomator2Driver@b65c][0m Driver proxy active, passing request on via HTTP proxy
[38;5;39m[8b5c78b2][0m[38;5;-21m[AndroidUiautomator2Driver@b65c][0m Replacing sessionId ed164410-e87b-4b98-a0e3-84978efe48e6 with 8b5c78b2-b658-485d-9c84-0324a967e535
[38;5;39m[8b5c78b2][0m[38;5;86m[HTTP][0m <-- GET /wd/hub/session/8b5c78b2-b658-485d-9c84-0324a967e535/element/00000000-0000-01ef-ffff-ffff00000047/rect 200 9 ms - 104 
[38;5;39m[8b5c78b2][0m[38;5;86m[HTTP][0m [37m-->[39m [37mPOST[39m [37m/wd/hub/session/8b5c78b2-b658-485d-9c84-0324a967e535/timeouts[39m {"implicit":30000}
[38;5;39m[8b5c78b2][0m[38;5;86m[HTTP][0m <-- POST /wd/hub/session/8b5c78b2-b658-485d-9c84-0324a967e535/timeouts 200 1 ms - 14 
[38;5;39m[8b5c78b2][0m[38;5;86m[HTTP][0m [37m-->[39m [37mPOST[39m [37m/wd/hub/session/8b5c78b2-b658-485d-9c84-0324a967e535/element/00000000-0000-01ef-ffff-ffff00000047/click[39m {"id":"00000000-0000-01ef-ffff-ffff00000047"}
[38;5;39m[8b5c78b2][0m[38;5;86m[HTTP][0m <-- POST /wd/hub/session/8b5c78b2-b658-485d-9c84-0324a967e535/element/00000000-0000-01ef-ffff-ffff00000047/click 200 526 ms - 14 
[38;5;39m[8b5c78b2][0m[38;5;86m[HTTP][0m [37m-->[39m [37mPOST[39m [37m/wd/hub/session/8b5c78b2-b658-485d-9c84-0324a967e535/timeouts[39m {"implicit":50}
[38;5;39m[8b5c78b2][0m[38;5;86m[HTTP][0m <-- POST /wd/hub/session/8b5c78b2-b658-485d-9c84-0324a967e535/timeouts 200 1 ms - 14 
[38;5;39m[8b5c78b2][0m[38;5;86m[HTTP][0m [37m-->[39m [37mGET[39m [37m/wd/hub/session/8b5c78b2-b658-485d-9c84-0324a967e535/window/rect[39m {}
[38;5;39m[8b5c78b2][0m[38;5;86m[HTTP][0m <-- GET /wd/hub/session/8b5c78b2-b658-485d-9c84-0324a967e535/window/rect 200 9 ms - 50 
[38;5;39m[8b5c78b2][0m[38;5;86m[HTTP][0m [37m-->[39m [37mPOST[39m [37m/wd/hub/session/8b5c78b2-b658-485d-9c84-0324a967e535/elements[39m {"value":"//hierarchy/android.widget.FrameLayout[1]/android.widget.LinearLayout[1]/android.widget.FrameLayout[2]/android.widget.LinearLayout[1]/android.view.ViewGroup[1]/android.widget.ScrollView[1]/android.widget.LinearLayout[1]/android.widget.FrameLayout[1]/android.widget.LinearLayout[1]/android.widget.FrameLayout[6]/android.widget.LinearLayout[1]/android.widget.FrameLayout[2]/android.widget.LinearLayout[1]/android.widget.ImageView[1]","using":"xpath"}
[38;5;39m[8b5c78b2][0m[38;5;86m[HTTP][0m <-- POST /wd/hub/session/8b5c78b2-b658-485d-9c84-0324a967e535/elements 200 46 ms - 139 
[38;5;39m[8b5c78b2][0m[38;5;86m[HTTP][0m [37m-->[39m [37mGET[39m [37m/wd/hub/session/8b5c78b2-b658-485d-9c84-0324a967e535/element/00000000-0000-01ef-ffff-ffff00000047/rect[39m {}
[38;5;39m[8b5c78b2][0m[38;5;-21m[AndroidUiautomator2Driver@b65c][0m Driver proxy active, passing request on via HTTP proxy
[38;5;39m[8b5c78b2][0m[38;5;-21m[AndroidUiautomator2Driver@b65c][0m Replacing sessionId ed164410-e87b-4b98-a0e3-84978efe48e6 with 8b5c78b2-b658-485d-9c84-0324a967e535
[38;5;39m[8b5c78b2][0m[38;5;86m[HTTP][0m <-- GET /wd/hub/session/8b5c78b2-b658-485d-9c84-0324a967e535/element/00000000-0000-01ef-ffff-ffff00000047/rect 200 7 ms - 104 
[38;5;39m[8b5c78b2][0m[38;5;86m[HTTP][0m [37m-->[39m [37mPOST[39m [37m/wd/hub/session/8b5c78b2-b658-485d-9c84-0324a967e535/timeouts[39m {"implicit":30000}
[38;5;39m[8b5c78b2][0m[38;5;86m[HTTP][0m <-- POST /wd/hub/session/8b5c78b2-b658-485d-9c84-0324a967e535/timeouts 200 0 ms - 14 
[38;5;39m[8b5c78b2][0m[38;5;86m[HTTP][0m [37m-->[39m [37mPOST[39m [37m/wd/hub/session/8b5c78b2-b658-485d-9c84-0324a967e535/element/00000000-0000-01ef-ffff-ffff00000047/click[39m {"id":"00000000-0000-01ef-ffff-ffff00000047"}
[38;5;39m[8b5c78b2][0m[38;5;86m[HTTP][0m <-- POST /wd/hub/session/8b5c78b2-b658-485d-9c84-0324a967e535/element/00000000-0000-01ef-ffff-ffff00000047/click 200 531 ms - 14 
[38;5;39m[8b5c78b2][0m[38;5;86m[HTTP][0m [37m-->[39m [37mPOST[39m [37m/wd/hub/session/8b5c78b2-b658-485d-9c84-0324a967e535/timeouts[39m {"implicit":50}
[38;5;39m[8b5c78b2][0m[38;5;86m[HTTP][0m <-- POST /wd/hub/session/8b5c78b2-b658-485d-9c84-0324a967e535/timeouts 200 1 ms - 14 
[38;5;39m[8b5c78b2][0m[38;5;86m[HTTP][0m [37m-->[39m [37mGET[39m [37m/wd/hub/session/8b5c78b2-b658-485d-9c84-0324a967e535/window/rect[39m {}
[38;5;39m[8b5c78b2][0m[38;5;86m[HTTP][0m <-- GET /wd/hub/session/8b5c78b2-b658-485d-9c84-0324a967e535/window/rect 200 13 ms - 50 
[38;5;39m[8b5c78b2][0m[38;5;86m[HTTP][0m [37m-->[39m [37mPOST[39m [37m/wd/hub/session/8b5c78b2-b658-485d-9c84-0324a967e535/elements[39m {"value":"//hierarchy/android.widget.FrameLayout[1]/android.widget.LinearLayout[1]/android.widget.FrameLayout[2]/android.widget.LinearLayout[1]/android.view.ViewGroup[1]/android.widget.ScrollView[1]/android.widget.LinearLayout[1]/android.widget.FrameLayout[1]/android.widget.LinearLayout[1]/android.widget.FrameLayout[6]/android.widget.LinearLayout[1]/android.widget.FrameLayout[2]/android.widget.LinearLayout[1]/android.widget.ImageView[1]","using":"xpath"}
[38;5;39m[8b5c78b2][0m[38;5;86m[HTTP][0m <-- POST /wd/hub/session/8b5c78b2-b658-485d-9c84-0324a967e535/elements 200 36 ms - 139 
[38;5;39m[8b5c78b2][0m[38;5;86m[HTTP][0m [37m-->[39m [37mGET[39m [37m/wd/hub/session/8b5c78b2-b658-485d-9c84-0324a967e535/element/00000000-0000-01ef-ffff-ffff00000047/rect[39m {}
[38;5;39m[8b5c78b2][0m[38;5;-21m[AndroidUiautomator2Driver@b65c][0m Driver proxy active, passing request on via HTTP proxy
[38;5;39m[8b5c78b2][0m[38;5;-21m[AndroidUiautomator2Driver@b65c][0m Replacing sessionId ed164410-e87b-4b98-a0e3-84978efe48e6 with 8b5c78b2-b658-485d-9c84-0324a967e535
[38;5;39m[8b5c78b2][0m[38;5;86m[HTTP][0m <-- GET /wd/hub/session/8b5c78b2-b658-485d-9c84-0324a967e535/element/00000000-0000-01ef-ffff-ffff00000047/rect 200 6 ms - 104 
[38;5;39m[8b5c78b2][0m[38;5;86m[HTTP][0m [37m-->[39m [37mPOST[39m [37m/wd/hub/session/8b5c78b2-b658-485d-9c84-0324a967e535/timeouts[39m {"implicit":30000}
[38;5;39m[8b5c78b2][0m[38;5;86m[HTTP][0m <-- POST /wd/hub/session/8b5c78b2-b658-485d-9c84-0324a967e535/timeouts 200 0 ms - 14 
[38;5;39m[8b5c78b2][0m[38;5;86m[HTTP][0m [37m-->[39m [37mPOST[39m [37m/wd/hub/session/8b5c78b2-b658-485d-9c84-0324a967e535/element/00000000-0000-01ef-ffff-ffff00000047/click[39m {"id":"00000000-0000-01ef-ffff-ffff00000047"}
[38;5;39m[8b5c78b2][0m[38;5;86m[HTTP][0m <-- POST /wd/hub/session/8b5c78b2-b658-485d-9c84-0324a967e535/element/00000000-0000-01ef-ffff-ffff00000047/click 200 530 ms - 14 
[38;5;39m[8b5c78b2][0m[38;5;86m[HTTP][0m [37m-->[39m [37mPOST[39m [37m/wd/hub/session/8b5c78b2-b658-485d-9c84-0324a967e535/timeouts[39m {"implicit":50}
[38;5;39m[8b5c78b2][0m[38;5;86m[HTTP][0m <-- POST /wd/hub/session/8b5c78b2-b658-485d-9c84-0324a967e535/timeouts 200 1 ms - 14 
[38;5;39m[8b5c78b2][0m[38;5;86m[HTTP][0m [37m-->[39m [37mGET[39m [37m/wd/hub/session/8b5c78b2-b658-485d-9c84-0324a967e535/window/rect[39m {}
[38;5;39m[8b5c78b2][0m[38;5;86m[HTTP][0m <-- GET /wd/hub/session/8b5c78b2-b658-485d-9c84-0324a967e535/window/rect 200 14 ms - 50 
[38;5;39m[8b5c78b2][0m[38;5;86m[HTTP][0m [37m-->[39m [37mPOST[39m [37m/wd/hub/session/8b5c78b2-b658-485d-9c84-0324a967e535/elements[39m {"value":"//hierarchy/android.widget.FrameLayout[1]/android.widget.LinearLayout[1]/android.widget.FrameLayout[2]/android.widget.LinearLayout[1]/android.view.ViewGroup[1]/android.widget.ScrollView[1]/android.widget.LinearLayout[1]/android.widget.FrameLayout[1]/android.widget.LinearLayout[1]/android.widget.FrameLayout[5]/android.widget.LinearLayout[1]/android.widget.FrameLayout[2]/android.widget.LinearLayout[1]/android.widget.TextView[1]","using":"xpath"}
[38;5;39m[8b5c78b2][0m[38;5;86m[HTTP][0m <-- POST /wd/hub/session/8b5c78b2-b658-485d-9c84-0324a967e535/elements 200 37 ms - 139 
[38;5;39m[8b5c78b2][0m[38;5;86m[HTTP][0m [37m-->[39m [37mGET[39m [37m/wd/hub/session/8b5c78b2-b658-485d-9c84-0324a967e535/element/00000000-0000-01ef-ffff-ffff00000055/rect[39m {}
[38;5;39m[8b5c78b2][0m[38;5;-21m[AndroidUiautomator2Driver@b65c][0m Driver proxy active, passing request on via HTTP proxy
[38;5;39m[8b5c78b2][0m[38;5;-21m[AndroidUiautomator2Driver@b65c][0m Replacing sessionId ed164410-e87b-4b98-a0e3-84978efe48e6 with 8b5c78b2-b658-485d-9c84-0324a967e535
[38;5;39m[8b5c78b2][0m[38;5;86m[HTTP][0m <-- GET /wd/hub/session/8b5c78b2-b658-485d-9c84-0324a967e535/element/00000000-0000-01ef-ffff-ffff00000055/rect 200 6 ms - 103 
[38;5;39m[8b5c78b2][0m[38;5;86m[HTTP][0m [37m-->[39m [37mPOST[39m [37m/wd/hub/session/8b5c78b2-b658-485d-9c84-0324a967e535/timeouts[39m {"implicit":30000}
[38;5;39m[8b5c78b2][0m[38;5;86m[HTTP][0m <-- POST /wd/hub/session/8b5c78b2-b658-485d-9c84-0324a967e535/timeouts 200 0 ms - 14 
[38;5;39m[8b5c78b2][0m[38;5;86m[HTTP][0m [37m-->[39m [37mGET[39m [37m/wd/hub/session/8b5c78b2-b658-485d-9c84-0324a967e535/element/00000000-0000-01ef-ffff-ffff00000055/text[39m {}
[38;5;39m[8b5c78b2][0m[38;5;-21m[AndroidUiautomator2Driver@b65c][0m Driver proxy active, passing request on via HTTP proxy
[38;5;39m[8b5c78b2][0m[38;5;-21m[AndroidUiautomator2Driver@b65c][0m Replacing sessionId ed164410-e87b-4b98-a0e3-84978efe48e6 with 8b5c78b2-b658-485d-9c84-0324a967e535
[38;5;39m[8b5c78b2][0m[38;5;86m[HTTP][0m <-- GET /wd/hub/session/8b5c78b2-b658-485d-9c84-0324a967e535/element/00000000-0000-01ef-ffff-ffff00000055/text 200 5 ms - 77 
[38;5;39m[8b5c78b2][0m[38;5;86m[HTTP][0m [37m-->[39m [37mPOST[39m [37m/wd/hub/session/8b5c78b2-b658-485d-9c84-0324a967e535/timeouts[39m {"implicit":50}
[38;5;39m[8b5c78b2][0m[38;5;86m[HTTP][0m <-- POST /wd/hub/session/8b5c78b2-b658-485d-9c84-0324a967e535/timeouts 200 1 ms - 14 
[38;5;39m[8b5c78b2][0m[38;5;86m[HTTP][0m [37m-->[39m [37mGET[39m [37m/wd/hub/session/8b5c78b2-b658-485d-9c84-0324a967e535/window/rect[39m {}
[38;5;39m[8b5c78b2][0m[38;5;86m[HTTP][0m <-- GET /wd/hub/session/8b5c78b2-b658-485d-9c84-0324a967e535/window/rect 200 7 ms - 50 
[38;5;39m[8b5c78b2][0m[38;5;86m[HTTP][0m [37m-->[39m [37mPOST[39m [37m/wd/hub/session/8b5c78b2-b658-485d-9c84-0324a967e535/elements[39m {"value":"//hierarchy/android.widget.FrameLayout[1]/android.widget.LinearLayout[1]/android.widget.FrameLayout[2]/android.widget.LinearLayout[1]/android.view.ViewGroup[1]/android.widget.ScrollView[1]/android.widget.LinearLayout[1]/android.widget.FrameLayout[1]/android.widget.LinearLayout[1]/android.widget.FrameLayout[6]/android.widget.LinearLayout[1]/android.widget.FrameLayout[2]/android.widget.LinearLayout[1]/android.widget.ImageView[1]","using":"xpath"}
[38;5;39m[8b5c78b2][0m[38;5;86m[HTTP][0m <-- POST /wd/hub/session/8b5c78b2-b658-485d-9c84-0324a967e535/elements 200 27 ms - 139 
[38;5;39m[8b5c78b2][0m[38;5;86m[HTTP][0m [37m-->[39m [37mGET[39m [37m/wd/hub/session/8b5c78b2-b658-485d-9c84-0324a967e535/element/00000000-0000-01ef-ffff-ffff00000047/rect[39m {}
[38;5;39m[8b5c78b2][0m[38;5;-21m[AndroidUiautomator2Driver@b65c][0m Driver proxy active, passing request on via HTTP proxy
[38;5;39m[8b5c78b2][0m[38;5;-21m[AndroidUiautomator2Driver@b65c][0m Replacing sessionId ed164410-e87b-4b98-a0e3-84978efe48e6 with 8b5c78b2-b658-485d-9c84-0324a967e535
[38;5;39m[8b5c78b2][0m[38;5;86m[HTTP][0m <-- GET /wd/hub/session/8b5c78b2-b658-485d-9c84-0324a967e535/element/00000000-0000-01ef-ffff-ffff00000047/rect 200 7 ms - 104 
[38;5;39m[8b5c78b2][0m[38;5;86m[HTTP][0m [37m-->[39m [37mPOST[39m [37m/wd/hub/session/8b5c78b2-b658-485d-9c84-0324a967e535/timeouts[39m {"implicit":30000}
[38;5;39m[8b5c78b2][0m[38;5;86m[HTTP][0m <-- POST /wd/hub/session/8b5c78b2-b658-485d-9c84-0324a967e535/timeouts 200 0 ms - 14 
[38;5;39m[8b5c78b2][0m[38;5;86m[HTTP][0m [37m-->[39m [37mPOST[39m [37m/wd/hub/session/8b5c78b2-b658-485d-9c84-0324a967e535/element/00000000-0000-01ef-ffff-ffff00000047/click[39m {"id":"00000000-0000-01ef-ffff-ffff00000047"}
[38;5;39m[8b5c78b2][0m[38;5;86m[HTTP][0m <-- POST /wd/hub/session/8b5c78b2-b658-485d-9c84-0324a967e535/element/00000000-0000-01ef-ffff-ffff00000047/click 200 30 ms - 14 
[38;5;39m[8b5c78b2][0m[38;5;86m[HTTP][0m [37m-->[39m [37mPOST[39m [37m/wd/hub/session/8b5c78b2-b658-485d-9c84-0324a967e535/timeouts[39m {"implicit":50}
[38;5;39m[8b5c78b2][0m[38;5;86m[HTTP][0m <-- POST /wd/hub/session/8b5c78b2-b658-485d-9c84-0324a967e535/timeouts 200 1 ms - 14 
[38;5;39m[8b5c78b2][0m[38;5;86m[HTTP][0m [37m-->[39m [37mGET[39m [37m/wd/hub/session/8b5c78b2-b658-485d-9c84-0324a967e535/window/rect[39m {}
[38;5;39m[8b5c78b2][0m[38;5;86m[HTTP][0m <-- GET /wd/hub/session/8b5c78b2-b658-485d-9c84-0324a967e535/window/rect 200 4 ms - 50 
[38;5;39m[8b5c78b2][0m[38;5;86m[HTTP][0m [37m-->[39m [37mPOST[39m [37m/wd/hub/session/8b5c78b2-b658-485d-9c84-0324a967e535/elements[39m {"value":"//hierarchy/android.widget.FrameLayout[1]/android.widget.LinearLayout[1]/android.widget.FrameLayout[2]/android.widget.LinearLayout[1]/android.view.ViewGroup[1]/android.widget.ScrollView[1]/android.widget.LinearLayout[1]/android.widget.FrameLayout[1]/android.widget.LinearLayout[1]/android.widget.FrameLayout[6]/android.widget.LinearLayout[1]/android.widget.FrameLayout[2]/android.widget.LinearLayout[1]/android.widget.ImageView[1]","using":"xpath"}
[38;5;39m[8b5c78b2][0m[38;5;86m[HTTP][0m <-- POST /wd/hub/session/8b5c78b2-b658-485d-9c84-0324a967e535/elements 200 527 ms - 139 
[38;5;39m[8b5c78b2][0m[38;5;86m[HTTP][0m [37m-->[39m [37mGET[39m [37m/wd/hub/session/8b5c78b2-b658-485d-9c84-0324a967e535/element/00000000-0000-01ef-ffff-ffff00000047/rect[39m {}
[38;5;39m[8b5c78b2][0m[38;5;-21m[AndroidUiautomator2Driver@b65c][0m Driver proxy active, passing request on via HTTP proxy
[38;5;39m[8b5c78b2][0m[38;5;-21m[AndroidUiautomator2Driver@b65c][0m Replacing sessionId ed164410-e87b-4b98-a0e3-84978efe48e6 with 8b5c78b2-b658-485d-9c84-0324a967e535
[38;5;39m[8b5c78b2][0m[38;5;86m[HTTP][0m <-- GET /wd/hub/session/8b5c78b2-b658-485d-9c84-0324a967e535/element/00000000-0000-01ef-ffff-ffff00000047/rect 200 10 ms - 104 
[38;5;39m[8b5c78b2][0m[38;5;86m[HTTP][0m [37m-->[39m [37mPOST[39m [37m/wd/hub/session/8b5c78b2-b658-485d-9c84-0324a967e535/timeouts[39m {"implicit":30000}
[38;5;39m[8b5c78b2][0m[38;5;86m[HTTP][0m <-- POST /wd/hub/session/8b5c78b2-b658-485d-9c84-0324a967e535/timeouts 200 1 ms - 14 
[38;5;39m[8b5c78b2][0m[38;5;86m[HTTP][0m [37m-->[39m [37mPOST[39m [37m/wd/hub/session/8b5c78b2-b658-485d-9c84-0324a967e535/element/00000000-0000-01ef-ffff-ffff00000047/click[39m {"id":"00000000-0000-01ef-ffff-ffff00000047"}
[38;5;39m[8b5c78b2][0m[38;5;86m[HTTP][0m <-- POST /wd/hub/session/8b5c78b2-b658-485d-9c84-0324a967e535/element/00000000-0000-01ef-ffff-ffff00000047/click 200 527 ms - 14 
[38;5;39m[8b5c78b2][0m[38;5;86m[HTTP][0m [37m-->[39m [37mPOST[39m [37m/wd/hub/session/8b5c78b2-b658-485d-9c84-0324a967e535/timeouts[39m {"implicit":50}
[38;5;39m[8b5c78b2][0m[38;5;86m[HTTP][0m <-- POST /wd/hub/session/8b5c78b2-b658-485d-9c84-0324a967e535/timeouts 200 1 ms - 14 
[38;5;39m[8b5c78b2][0m[38;5;86m[HTTP][0m [37m-->[39m [37mGET[39m [37m/wd/hub/session/8b5c78b2-b658-485d-9c84-0324a967e535/window/rect[39m {}
[38;5;39m[8b5c78b2][0m[38;5;86m[HTTP][0m <-- GET /wd/hub/session/8b5c78b2-b658-485d-9c84-0324a967e535/window/rect 200 10 ms - 50 
[38;5;39m[8b5c78b2][0m[38;5;86m[HTTP][0m [37m-->[39m [37mPOST[39m [37m/wd/hub/session/8b5c78b2-b658-485d-9c84-0324a967e535/elements[39m {"value":"//hierarchy/android.widget.FrameLayout[1]/android.widget.LinearLayout[1]/android.widget.FrameLayout[2]/android.widget.LinearLayout[1]/android.view.ViewGroup[1]/android.widget.ScrollView[1]/android.widget.LinearLayout[1]/android.widget.FrameLayout[1]/android.widget.LinearLayout[1]/android.widget.FrameLayout[6]/android.widget.LinearLayout[1]/android.widget.FrameLayout[2]/android.widget.LinearLayout[1]/android.widget.ImageView[1]","using":"xpath"}
[38;5;39m[8b5c78b2][0m[38;5;86m[HTTP][0m <-- POST /wd/hub/session/8b5c78b2-b658-485d-9c84-0324a967e535/elements 200 45 ms - 139 
[38;5;39m[8b5c78b2][0m[38;5;86m[HTTP][0m [37m-->[39m [37mGET[39m [37m/wd/hub/session/8b5c78b2-b658-485d-9c84-0324a967e535/element/00000000-0000-01ef-ffff-ffff00000047/rect[39m {}
[38;5;39m[8b5c78b2][0m[38;5;-21m[AndroidUiautomator2Driver@b65c][0m Driver proxy active, passing request on via HTTP proxy
[38;5;39m[8b5c78b2][0m[38;5;-21m[AndroidUiautomator2Driver@b65c][0m Replacing sessionId ed164410-e87b-4b98-a0e3-84978efe48e6 with 8b5c78b2-b658-485d-9c84-0324a967e535
[38;5;39m[8b5c78b2][0m[38;5;86m[HTTP][0m <-- GET /wd/hub/session/8b5c78b2-b658-485d-9c84-0324a967e535/element/00000000-0000-01ef-ffff-ffff00000047/rect 200 10 ms - 104 
[38;5;39m[8b5c78b2][0m[38;5;86m[HTTP][0m [37m-->[39m [37mPOST[39m [37m/wd/hub/session/8b5c78b2-b658-485d-9c84-0324a967e535/timeouts[39m {"implicit":30000}
[38;5;39m[8b5c78b2][0m[38;5;86m[HTTP][0m <-- POST /wd/hub/session/8b5c78b2-b658-485d-9c84-0324a967e535/timeouts 200 1 ms - 14 
[38;5;39m[8b5c78b2][0m[38;5;86m[HTTP][0m [37m-->[39m [37mPOST[39m [37m/wd/hub/session/8b5c78b2-b658-485d-9c84-0324a967e535/element/00000000-0000-01ef-ffff-ffff00000047/click[39m {"id":"00000000-0000-01ef-ffff-ffff00000047"}
[38;5;39m[8b5c78b2][0m[38;5;86m[HTTP][0m <-- POST /wd/hub/session/8b5c78b2-b658-485d-9c84-0324a967e535/element/00000000-0000-01ef-ffff-ffff00000047/click 200 30 ms - 14 
[38;5;39m[8b5c78b2][0m[38;5;86m[HTTP][0m [37m-->[39m [37mPOST[39m [37m/wd/hub/session/8b5c78b2-b658-485d-9c84-0324a967e535/timeouts[39m {"implicit":50}
[38;5;39m[8b5c78b2][0m[38;5;86m[HTTP][0m <-- POST /wd/hub/session/8b5c78b2-b658-485d-9c84-0324a967e535/timeouts 200 1 ms - 14 
[38;5;39m[8b5c78b2][0m[38;5;86m[HTTP][0m [37m-->[39m [37mGET[39m [37m/wd/hub/session/8b5c78b2-b658-485d-9c84-0324a967e535/window/rect[39m {}
[38;5;39m[8b5c78b2][0m[38;5;86m[HTTP][0m <-- GET /wd/hub/session/8b5c78b2-b658-485d-9c84-0324a967e535/window/rect 200 6 ms - 50 
[38;5;39m[8b5c78b2][0m[38;5;86m[HTTP][0m [37m-->[39m [37mPOST[39m [37m/wd/hub/session/8b5c78b2-b658-485d-9c84-0324a967e535/elements[39m {"value":"//hierarchy/android.widget.FrameLayout[1]/android.widget.LinearLayout[1]/android.widget.FrameLayout[2]/android.widget.LinearLayout[1]/android.view.ViewGroup[1]/android.widget.ScrollView[1]/android.widget.LinearLayout[1]/android.widget.FrameLayout[1]/android.widget.LinearLayout[1]/android.widget.FrameLayout[6]/android.widget.LinearLayout[1]/android.widget.FrameLayout[2]/android.widget.LinearLayout[1]/android.widget.ImageView[1]","using":"xpath"}
[38;5;39m[8b5c78b2][0m[38;5;86m[HTTP][0m <-- POST /wd/hub/session/8b5c78b2-b658-485d-9c84-0324a967e535/elements 200 509 ms - 139 
